# do_fut
0
# iseed
1234
# simMode
0
# seed
 0 0 0 0 0 0
# niter
3
# MNConst
0.001
# flname
ceattle
# foldername
results/
# simname
results/ceattle_R.rep
# datafile_name
dat_input_files/01_assesment_2017/2017_asmt_corrected2.dat
# stomfile_name
dat_input_files/01_assesment_2017/stomach2017.dat
# Fprofile_datafile
dat_input_files/01_assesment_2017/F_profile.dat
# ATFfile_name
dat_input_files/01_assesment_2017/ATF_Misc.dat
# Recfile_name
fits_4_CEATTLE/rs_data4CEATTLE_full_avg.dat
# retrofile_name
dat_input_files/01_assesment_2017/retro_data2017_asssmnt.dat
# futfile_name
dat_input_files/01_assesment_2017/projection_data2017_asssmntv2.dat
# catch_in_name
dat_input_files/01_assesment_2017/catch_in.dat
# setC_name
dat_input_files/01_assesment_2017/set_catch.dat
# setF_name
dat_input_files/01_assesment_2017/setF40_datfiles/F40In_2_1_9.dat
# nages
 12 12 21
# nyrs_tc_biom_obs
 39 39 39
# yrs_tc_biom_obs
 1979 1980 1981 1982 1983 1984 1985 1986 1987 1988 1989 1990 1991 1992 1993 1994 1995 1996 1997 1998 1999 2000 2001 2002 2003 2004 2005 2006 2007 2008 2009 2010 2011 2012 2013 2014 2015 2016 2017
 1979 1980 1981 1982 1983 1984 1985 1986 1987 1988 1989 1990 1991 1992 1993 1994 1995 1996 1997 1998 1999 2000 2001 2002 2003 2004 2005 2006 2007 2008 2009 2010 2011 2012 2013 2014 2015 2016 2017
 1979 1980 1981 1982 1983 1984 1985 1986 1987 1988 1989 1990 1991 1992 1993 1994 1995 1996 1997 1998 1999 2000 2001 2002 2003 2004 2005 2006 2007 2008 2009 2010 2011 2012 2013 2014 2015 2016 2017
# tc_biom_obs
 935714 958280 973502 955964 981450 1.09206e+06 1.13968e+06 1.14199e+06 859416 1.22872e+06 1.2296e+06 1.45519e+06 1.19561e+06 1.39033e+06 1.3266e+06 1.32935e+06 1.26424e+06 1.19278e+06 1.12443e+06 1.10117e+06 989816 1.13271e+06 1.38719e+06 1.48019e+06 1.4909e+06 1.48054e+06 1.48329e+06 1.48644e+06 1.3541e+06 990566 807947 810215 1.19921e+06 1.20528e+06 1.27082e+06 1.29785e+06 1.32231e+06 1.34347e+06 1.34347e+06
 36004 41042 56492 59386 94207 124895 143449 135376 149900 203075 178326 172065 210242 164210 133186 172263 228499 209065 232600 158529 145867 151378 142542 166556 175437 183749 182942 168818 140127 139803 147174 142868 209215 232784 236691 238763 232832 215514 215514
 13352 17079 15915 10712 12991 8790 6926 6678 4519 18591 6795 12144 17834.8 10949.9 7952.92 13018 8282.93 13308.8 9228.52 14595.6 10595.8 12072.6 12837.8 10822.7 12278.5 17365.2 13408.7 11966.8 11081.7 18897.3 19212 14751.6 16840.7 18940.7 14054.8 14923.5 10329.7 13102.7 13102.7
# nyrs_fsh_comp
 38 39 35
# yrs_fsh_comp
 1979 1980 1981 1982 1983 1984 1985 1986 1987 1988 1989 1990 1991 1992 1993 1994 1995 1996 1997 1998 1999 2000 2001 2002 2003 2004 2005 2006 2007 2008 2009 2010 2011 2012 2013 2014 2015 2016
 1979 1980 1981 1982 1983 1984 1985 1986 1987 1988 1989 1990 1991 1992 1993 1994 1995 1996 1997 1998 1999 2000 2001 2002 2003 2004 2005 2006 2007 2008 2009 2010 2011 2012 2013 2014 2015 2016 2017
 1979 1980 1981 1982 1983 1984 1985 1986 1987 1988 1990 1991 1992 1993 1994 1995 1996 1997 1998 1999 2000 2001 2002 2003 2004 2005 2006 2007 2008 2009 2010 2011 2012 2013 2014
# fsh_age_type
 1 2 2
# fsh_age_bins
 12 25 25
# obs_catch
 82971 444313 588930 343746 321153 176316 46046 21030 29351 22488 14414 9767
 10161 480923 856212 461236 262269 219432 87081 39105 22622 24878 26468 28435
 655 83024 1.16454e+06 733539 261026 118296 59408 34033 18512 10750 8634 8142
 4602 24560 156400 1.13585e+06 409190 100488 34858 34897 20859 8798 5250 5901
 5114 119598 159132 315652 823909 220127 41772 24930 19978 11195 7665 10629
 1966 42919 83019 403465 460657 612723 125385 33321 23506 14656 6650 8568
 2504 52256 360967 115286 346292 304397 419635 106493 34631 24452 23506 27681
 2687 74815 80260 651084 186224 328860 192982 186362 51911 13205 2905 3512
 0.001 21795 122851 85461 455340 152938 134876 99830 272284 59537 42616 70992
 0.001 8931 380002 352898 211040 455651 188144 87837 32796 81016 15275 21478
 0.001 4546 52597 142159 430396 159087 545947 91901 98996 30935 123102 22292
 1429 35916 61995 238875 218459 519968 140627 400979 71510 110913 9839 89727
 676.621 111787 39904 86511.9 139156 152795 386167 51933.4 218379 21789.4 114990 145388
 0 93539.9 674859 132755 79533.9 114217 134308 252161 100104 155077 54319.7 129750
 164.919 8114.74 262722 1.14615e+06 102147 65827.8 63710.3 53256.5 91219.6 20486.7 32304.6 47384.5
 1639.08 35979.6 56762.5 359649 1.06671e+06 175769 54462.4 20196.2 13365.8 20711.4 8554.22 27746.9
 0 473.072 81344.2 151699 397469 761197 130590 32209.4 11078.1 8482.89 18227.2 22384
 0 23237.8 56239.9 81804.7 166442 368500 475118 185612 31412.2 13429.9 8813.42 24385.5
 2364.39 83568.5 37758.9 111673 478565 288300 251336 196723 61581.5 13563.2 6420.07 24425.4
 617.056 51145.8 89811.8 71985.8 156917 686938 199049 128342 108710 29493.1 6326.47 17358.6
 410.976 11594.8 294969 227749 105250 155675 473743 132714 57528.2 32891.6 3480.37 5230.39
 0 17368.2 80172.8 423185 343030 105384 169067 359491 85963.9 29599.2 24372.6 9519.41
 0 3735.08 56752.9 162048 574754 405766 136069 129178 158270 57543.4 35104.2 26962
 920.17 56708.8 111063 214793 284065 602179 267194 99315.8 87377.1 95564 34869.3 31498.9
 0 17298.6 402201 320768 366794 305244 332057 157346 53033.4 40166.6 36510.1 37700.3
 0 1131.76 90013.2 829602 479713 238170 168677 156876 64043.5 16920.1 18864 50363.9
 0 3128.2 53749.2 391153 861813 489108 156439 67472.6 67084.8 33733.3 11246.6 19154.2
 0 12188.2 84168.5 290121 622776 592209 279903 108900 49617.9 38353.7 16420 32233.2
 1834.43 19475.6 57200.6 124241 374046 514742 306316 138972 50196.1 28038.4 23321.2 32196
 0 26913 58603.7 78565.5 147696 307362 242252 149108 83280.2 22297 19102.3 38465.2
 756.32 3388.84 151846 188837 73448.6 101992 126940 106863 85673.1 40671 26384.3 39268.5
 2348.71 31374.4 31762.4 560104 222297 53702 44263.6 55814 49326.1 34655.3 13933.6 28103.3
 923.87 14731.5 191627 117689 807607 283793 64059.2 39350.7 38264.7 40092.7 25315 25402.6
 0 28278.4 120523 942652 173000 432751 138349 37855.3 17807.8 13400.2 15875.3 35840.9
 3411.71 1709.41 70236.4 342181 944443 187941 154749 68491.7 20583.6 17703.9 13614.9 34675.5
 0 42227.4 31344.4 170902 398997 751351 210358 88198.2 29098 9132.3 4790.48 21043.8
 0 18705.9 634327 195409 228285 384806 509826 86987.5 42527.3 18550 2852.46 11017.8
 0 513.811 91701 1.38971e+06 159283 175325 175485 223116 34719.4 13155 7889.92 3609.05
 0 0 0 0 0 0 1 32 135 513 1020 1027 1262 1614 2757 3589 2838 1388 540 212 84 40 9 7 1
 0 0 0 0 0 0 2 36 79 246 697 1246 2465 2477 2244 1731 1193 1208 800 326 126 60 17 6 2
 0 0 0 1 7 21 17 80 411 676 451 451 1515 1835 1681 1408 987 630 300 150 82 20 7 1 0
 0 0 0 0 0 2 2 8 58 135 138 178 705 1154 1608 2242 2666 2310 1279 548 207 117 48 10 6
 0 0 0 0 1 17 26 77 177 134 238 663 2326 3650 6856 9120 10389 9439 6851 3923 1785 672 232 88 24
 0 2 6 52 201 231 529 981 971 1113 1164 1545 3767 5243 11058 20017 25765 25123 19294 12158 6152 2242 630 163 36
 0 0 2 0 4 1 2 44 156 394 1136 3158 10089 18924 17826 17427 30755 39840 30958 18339 9561 4206 1430 351 85
 0 4 17 11 38 73 192 513 1130 1359 1363 2058 6920 13274 23402 30822 28644 21638 20488 15342 8154 3552 1342 457 126
 0 2 8 46 54 86 268 708 1094 1221 2078 4420 14787 28702 43860 47867 52444 50299 39775 25622 15626 8508 3431 1167 312
 2 2 5 9 8 30 98 634 1629 2146 2333 4538 12042 11847 11536 10411 11285 13071 11198 6367 3320 1803 855 359 100
 0 0 3 5 16 5 34 266 666 1067 1033 1191 3690 5435 6120 7172 8549 9804 9153 6982 4401 2343 1261 571 241
 0 0 3 4 14 84 315 724 986 981 902 899 2738 8557 19538 33981 44723 44175 37910 26426 17423 10627 6381 2556 995
 1 1 7 8 20 92 501 1303 1437 1440 1732 2971 10995 17239 25139 40933 55550 58608 51185 37649 25062 14083 7765 3361 1299
 0 3 9 17 25 76 218 717 1513 2240 4432 9776 29000 39157 39605 45513 53008 46215 34820 25741 17614 10904 6385 3092 1126
 1 0 6 8 25 62 267 1219 1814 2183 6085 11468 23078 32085 39098 33639 24230 19356 14769 10578 6588 3849 1974 879 326
 0 1 2 7 27 119 639 2210 3959 3564 2788 5354 21261 43256 60351 68072 63397 42909 24084 13809 8432 5038 2701 1346 616
 0 0 12 30 43 97 181 326 466 961 4384 11175 24838 33808 52031 66631 66818 47919 27476 15026 8595 4933 2658 1278 512
 1 6 13 26 26 55 370 1088 1404 1397 1982 5053 23947 53170 71483 75282 71482 58492 40527 26110 15833 9354 4955 2312 1048
 10 5 18 87 109 84 336 1325 2600 2915 3061 5594 22712 40012 66979 94318 98174 71347 42592 22938 14440 8152 4279 1845 845
 1 1 7 5 41 140 799 1530 1625 1745 3565 7563 22698 35186 50607 70562 83641 73370 46297 24524 11885 6576 3603 1542 721
 10 0 1 8 7 9 119 460 506 680 2629 6945 18552 22162 23415 26563 28077 25026 16479 9937 4976 2536 1087 545 316
 9 8 0 2 2 8 68 198 216 451 1494 3685 13638 25921 34375 37403 30751 21523 13775 8374 4672 2432 1169 480 222
 6 0 8 14 19 21 29 93 293 778 1676 3418 12432 23765 36226 42859 39149 26058 12450 6206 3180 1814 916 413 175
 13 2 5 16 29 47 123 545 1146 1700 3228 6613 18770 27831 35095 41541 39497 28149 14786 7016 3153 1593 784 305 152
 16 1 4 5 6 7 24 157 580 1152 2511 6401 22840 39938 48371 48171 44244 34511 20840 11266 5082 2106 857 348 119
 4 2 3 5 5 16 68 194 435 764 1173 2564 11837 26223 40955 49042 42281 28956 16646 10068 5416 2626 1191 456 144
 13 0 2 4 15 17 33 170 423 738 1390 2799 11071 19723 29721 37927 40761 34408 22649 14051 7633 4166 1747 606 178
 7 0 1 5 15 7 13 78 255 508 888 1728 7802 17539 25225 27288 26528 23460 17991 13830 9040 5319 2682 1083 429
 6 1 3 8 14 33 67 182 335 510 784 1301 5568 12426 19131 23821 21956 17033 11978 9631 7459 5022 2751 1154 352
 4 0 4 7 10 84 176 237 359 668 1679 3045 8816 16383 24788 29546 28518 21004 11939 7604 5323 4053 2387 1061 309
 0 0 1 3 2 4 21 67 128 344 1436 3275 13581 25429 21806 22648 22848 17445 9488 4810 2470 1496 861 408 154
 0 0 0 0 5 16 51 72 139 384 1086 1900 6350 16657 25466 29920 22812 13197 6909 3452 1531 655 274 169 77
 2 0 0 0 5 9 33 59 152 380 1672 4102 15436 22997 25015 34623 32990 19060 8127 3823 1659 730 343 145 61
 0 0 0 1 3 7 88 149 251 332 728 1927 7830 26516 40992 41456 32423 20973 9207 3719 1355 594 239 97 33
 2 0 0 2 1 16 95 191 334 628 1593 3866 11475 23082 33670 43840 44537 29327 12710 4559 1561 604 207 87 35
 0 1 5 10 2 7 70 210 388 508 2086 5544 15248 27992 35395 43203 43560 32697 17214 6917 2363 888 337 100 26
 3 0 0 0 4 5 25 135 348 367 441 1156 5997 13914 21392 20149 21428 14505 7566 4076 1686 616 200 73 16
 0 0 0 1 0 3 3 18 53 131 402 1639 8658 14483 19253 27137 29436 21042 10811 4746 2015 797 289 84 23
 0 1 0 0 1 5 0 4 16 67 148 348 2116 8318 14807 15444 15664 13357 7846 3418 1369 507 191 63 19
 0 1 0 0 0 1 1 7 58 100 296 404 332 333 656 1130 937 650 576 301 180 172 124 179 127
 4 1 1 6 8 39 137 363 568 495 430 573 730 1444 1237 991 883 773 598 343 139 63 36 42 41
 0 0 0 4 0 1 4 21 46 104 156 281 356 705 945 1199 1137 713 702 617 330 139 80 147 103
 0 0 0 0 1 2 12 10 26 74 278 967 2023 4313 3903 3509 3165 2952 4446 4001 2030 1648 1089 1620 715
 0 0 1 3 7 17 11 36 28 61 139 257 686 3369 6914 6804 4309 2754 2769 1854 705 407 285 309 230
 9 9 21 14 32 89 130 133 103 144 293 485 839 2726 4687 4934 3670 2104 1215 829 406 133 72 67 45
 0 1 2 5 21 65 133 242 193 238 498 917 1252 2456 3318 4540 5335 3258 1655 919 444 235 62 20 8
 0 0 4 28 64 75 100 144 356 529 443 460 731 1632 1893 1912 1945 1665 1297 633 304 124 44 14 2
 0 0 0 0 2 3 22 64 43 61 146 250 412 1253 2340 4148 4402 2754 2555 2749 1942 664 200 52 4
 0 0 24 54 99 83 109 108 156 115 52 21 6 3 2 0 0 0 1 0 0 0 0 0 0
 25 2 3 9 2 17 14 15 45 69 184 235 361 506 311 281 274 230 131 59 28 27 17 16 2
 42 27 40 53 76 91 105 156 207 324 437 461 608 1044 1071 757 490 405 329 170 147 108 60 20 1
 37 35 45 39 30 9 7 6 8 5 5 9 6 13 16 18 9 17 21 11 6 7 1 1 0
 20 23 33 52 54 66 97 85 83 75 81 50 78 111 119 84 62 49 32 21 2 8 1 0 0
 22 45 83 68 41 23 6 4 2 7 7 8 7 14 18 11 4 4 5 8 4 4 2 6 0
 33 31 42 75 62 94 120 118 124 117 128 170 170 315 292 218 150 89 72 73 49 46 17 18 3
 15 7 11 16 29 41 45 61 76 79 70 59 51 84 60 54 25 24 23 29 11 14 3 2 0
 8 9 16 33 54 54 59 61 70 92 103 185 232 401 539 506 257 132 95 42 11 11 8 15 6
 3 5 5 8 8 16 16 15 23 27 48 66 78 153 205 144 86 68 31 17 10 3 0 0 0
 32 30 24 54 65 80 128 144 144 166 219 206 248 363 480 390 230 154 154 122 94 63 25 7 2
 0 0 0 1 2 4 14 19 24 34 32 58 66 126 152 161 194 191 120 66 53 35 19 25 11
 1 2 1 2 10 8 4 14 27 50 95 102 153 343 404 338 305 264 226 139 89 48 29 37 10
 1 1 2 1 2 6 18 32 39 44 67 112 133 233 311 330 316 246 157 112 82 54 38 32 16
 1 2 5 6 11 20 37 61 117 176 190 210 254 394 355 325 334 286 226 140 139 83 62 51 16
 3 1 2 6 19 41 99 122 104 159 203 291 369 570 516 373 324 327 288 206 131 72 47 58 25
 0 2 4 2 6 14 40 68 107 149 145 151 183 382 322 261 196 138 119 95 90 61 49 32 33
 0 0 0 5 8 22 33 72 101 88 128 150 185 315 220 201 171 86 75 87 60 51 32 27 11
 1 0 1 0 0 6 3 17 19 23 42 41 34 77 73 59 43 20 21 14 25 13 15 11 17
 0 0 3 2 7 20 27 31 26 42 56 88 114 204 185 183 125 84 66 38 39 30 18 16 13
 0 0 0 1 2 1 5 1 3 9 13 18 36 75 64 61 72 59 36 36 28 16 13 3 3
 0 0 0 0 2 1 6 2 7 20 7 17 21 96 115 130 127 142 94 51 39 23 13 4 4
 0 0 1 2 4 5 12 11 11 12 10 16 38 111 130 124 98 89 68 47 39 21 13 8 15
 0 0 1 3 9 7 10 16 6 11 12 17 27 43 58 59 58 82 30 16 10 9 9 16 12
 2 0 2 1 3 4 8 15 14 8 9 15 21 53 93 83 76 80 74 33 18 13 3 7 7
 0 0 1 2 3 2 1 3 3 5 4 2 16 16 17 19 17 13 12 11 3 1 1 2 2
# nyrs_wt_at_age
 39 39 39
# yrs_wt_at_age
 1979 1980 1981 1982 1983 1984 1985 1986 1987 1988 1989 1990 1991 1992 1993 1994 1995 1996 1997 1998 1999 2000 2001 2002 2003 2004 2005 2006 2007 2008 2009 2010 2011 2012 2013 2014 2015 2016 2017
 1979 1980 1981 1982 1983 1984 1985 1986 1987 1988 1989 1990 1991 1992 1993 1994 1995 1996 1997 1998 1999 2000 2001 2002 2003 2004 2005 2006 2007 2008 2009 2010 2011 2012 2013 2014 2015 2016 2017
 1979 1980 1981 1982 1983 1984 1985 1986 1987 1988 1989 1990 1991 1992 1993 1994 1995 1996 1997 1998 1999 2000 2001 2002 2003 2004 2005 2006 2007 2008 2009 2010 2011 2012 2013 2014 2015 2016 2017
# wt
 0.0132336 0.0942048 0.217816 0.364435 0.521854 0.682056 0.839752 0.991512 1.13521 1.26962 1.39418 1.59121
 0.0132336 0.0942048 0.217816 0.364435 0.521854 0.682056 0.839752 0.991512 1.13521 1.26962 1.39418 1.59121
 0.013285 0.0955153 0.221846 0.372273 0.534238 0.699442 0.862371 1.01943 1.16836 1.30785 1.43728 1.64237
 0.0331009 0.0666562 0.166706 0.349859 0.428903 0.668602 1.004 1.12829 1.20217 1.42047 1.59671 1.62424
 0.0163555 0.105535 0.169336 0.360216 0.493699 0.575605 0.739416 1.06857 1.14498 1.01348 1.10016 1.14872
 0.0168839 0.0634853 0.19272 0.35934 0.485339 0.615641 0.751301 1.01133 1.22004 1.36923 1.67879 1.65599
 0.0214795 0.0832857 0.174162 0.397504 0.489486 0.628698 0.960266 1.0096 1.36507 1.06435 1.37764 1.77067
 0.0174753 0.0835427 0.145419 0.358368 0.461682 0.642242 0.719801 0.843872 0.996334 1.35525 1.47198 1.47065
 0.0238082 0.0881491 0.188452 0.35332 0.434169 0.529976 0.703009 0.795126 0.888001 0.985677 1.19359 1.36677
 0.0205239 0.0807449 0.20989 0.35606 0.459989 0.521468 0.601747 0.760082 0.851376 0.992416 1.20079 1.20904
 0.0213244 0.0709838 0.173639 0.370134 0.440786 0.533802 0.628037 0.683303 0.934553 0.928137 1.0483 1.06565
 0.018647 0.0861753 0.155268 0.37663 0.502999 0.573065 0.618782 0.722447 0.795807 1.05091 1.10555 1.1284
 0.018129 0.0846182 0.150779 0.364522 0.485706 0.579808 0.696497 0.7436 0.877432 0.917714 1.09547 1.20164
 0.0293977 0.0932776 0.204827 0.372942 0.522327 0.623252 0.777588 0.844403 0.897454 0.987866 1.12319 1.24116
 0.01759 0.0759621 0.253239 0.452903 0.503515 0.562561 0.664204 0.805826 0.977437 1.02608 1.14771 1.26359
 0.021312 0.0812193 0.189872 0.473712 0.576309 0.638194 0.713081 0.96881 1.16983 1.12634 1.22564 1.32596
 0.0190056 0.06411 0.114269 0.377276 0.484794 0.628588 0.65472 0.840168 0.966615 1.18128 1.16295 1.33011
 0.0202962 0.0659033 0.116458 0.313454 0.496986 0.596229 0.733047 0.815007 0.971353 1.06178 1.30552 1.39511
 0.0167219 0.0685753 0.208396 0.322455 0.499244 0.597602 0.788666 0.934217 0.964379 1.03458 1.16861 1.2949
 0.0207769 0.0602266 0.133614 0.340608 0.477037 0.520075 0.678593 0.828827 0.910489 1.00952 1.07059 1.33086
 0.017589 0.0623574 0.157038 0.357023 0.425321 0.561484 0.634272 0.77964 0.980835 1.01069 1.10134 1.2003
 0.0159764 0.0593059 0.168348 0.376762 0.457878 0.530916 0.659495 0.708622 0.783875 0.956779 1.184 1.21362
 0.0197505 0.0617871 0.128725 0.37355 0.535357 0.617633 0.773777 0.820596 0.854579 0.948046 1.10258 1.20096
 0.0189746 0.0759845 0.223452 0.392544 0.533105 0.646183 0.809566 0.942741 0.896656 0.963268 1.04719 1.09419
 0.0237522 0.0828472 0.23669 0.434996 0.567053 0.67246 0.73366 0.832176 0.884493 0.961304 0.990643 1.02898
 0.0255185 0.0793778 0.209686 0.476299 0.55484 0.6796 0.765196 0.793279 0.941251 0.962616 1.05785 1.05191
 0.0226244 0.0692296 0.213007 0.403441 0.516897 0.608794 0.702836 0.815651 0.887664 0.959924 1.07212 1.1122
 0.0234156 0.072886 0.166044 0.363608 0.517501 0.607356 0.720909 0.806711 0.909563 1.0475 1.27417 1.20857
 0.0211772 0.0793215 0.279545 0.421735 0.5472 0.671982 0.782308 0.843699 0.924545 1.09819 1.1315 1.1118
 0.0243529 0.0541692 0.186069 0.416219 0.522908 0.642145 0.7555 0.859949 0.924213 1.07571 1.21656 1.20581
 0.0199688 0.0781569 0.165215 0.407636 0.57156 0.669171 0.884058 1.009 0.954959 1.11883 1.19198 1.44018
 0.0248134 0.0702979 0.236722 0.402367 0.549263 0.67926 0.893518 0.982131 1.03278 1.12332 1.16753 1.25763
 0.0239511 0.0864486 0.168628 0.425135 0.539185 0.646725 0.933161 1.00618 1.10757 1.11352 1.2426 1.3042
 0.0214008 0.0692834 0.203942 0.358159 0.533306 0.670746 0.807299 0.947959 1.21228 1.23704 1.32211 1.35994
 0.0229592 0.0628317 0.166775 0.419922 0.491757 0.623368 0.833614 0.976262 1.07911 1.23483 1.31871 1.36553
 0.0227696 0.0810391 0.162034 0.352905 0.473912 0.603933 0.657315 0.895465 0.986501 1.11455 1.40088 1.34981
 0.0226639 0.0763707 0.206287 0.388882 0.574371 0.627038 0.805764 0.940941 1.04594 1.06551 1.30556 1.60991
 0.0235606 0.0707733 0.198473 0.436322 0.506334 0.618931 0.698561 0.782162 0.844001 0.927961 1.10208 1.4851
 0.0251823 0.181324 0.405171 0.496947 0.563675 0.668716 0.759104 0.844249 1.04365 1.1236 1.28915 1.26433
 0.0380759 0.237001 0.669777 1.34443 2.23018 3.27849 4.43659 5.65522 6.89228 8.11417 9.29557 11.0277
 0.0380759 0.237001 0.669777 1.34443 2.23018 3.27849 4.43659 5.65522 6.89228 8.11417 9.29557 11.0277
 0.0383579 0.244918 0.702947 1.42672 2.38704 3.53348 4.80934 6.16051 7.53996 8.9095 10.2399 12.2022
 0.038864 0.260978 0.77233 1.60227 2.72659 4.0919 5.63351 7.28685 8.99381 10.7057 12.3839 14.8888
 0.0380759 0.237001 0.669777 1.34443 2.23018 3.27849 4.43659 5.65522 6.89228 8.11417 9.29557 11.0277
 0.0381915 0.240171 0.682975 1.37704 2.29217 3.37902 4.58327 5.85372 7.14636 8.42579 9.66515 11.4867
 0.0380086 0.235199 0.662323 1.32608 2.19542 3.22226 4.35472 5.5446 6.75089 7.94099 9.0904 10.7733
 0.037843 0.230898 0.644669 1.28286 2.11384 3.09067 4.16359 5.2869 6.42212 7.53891 8.61473 10.1846
 0.0382461 0.241705 0.689401 1.39298 2.32255 3.42841 4.65546 5.95158 7.2718 8.57982 9.84802 11.7142
 0.0379532 0.233739 0.656308 1.31132 2.16752 3.17718 4.28917 5.45613 6.63793 7.80274 8.92674 10.5706
 0.0382226 0.24104 0.686611 1.38606 2.30934 3.40693 4.62406 5.909 7.2172 8.51276 9.76839 11.6151
 0.0380845 0.237233 0.670737 1.34679 2.23467 3.28576 4.44719 5.66954 6.9106 8.13662 9.32218 11.0608
 0.0380789 0.237082 0.670111 1.34525 2.23175 3.28102 4.44029 5.66021 6.89866 8.12199 9.30484 11.0392
 0.0378873 0.232031 0.6493 1.29417 2.13515 3.12498 4.21336 5.35393 6.50755 7.6433 8.73814 10.3372
 0.0368457 0.208143 0.554582 1.0673 1.71381 2.45399 3.24895 4.0651 4.87566 5.66064 6.40608 7.47401
 0.0378858 0.231993 0.649146 1.29379 2.13443 3.12383 4.21169 5.35168 6.50469 7.63981 8.73401 10.3321
 0.0378893 0.232081 0.649507 1.29468 2.1361 3.12651 4.21558 5.35692 6.51138 7.64797 8.74366 10.3441
 0.0382679 0.242321 0.691991 1.39942 2.33483 3.4484 4.6847 5.99125 7.32267 8.64232 9.92226 11.8065
 0.0381491 0.238996 0.67807 1.3649 2.26906 3.34151 4.5285 5.77955 7.05136 8.30922 9.52684 11.3148
 0.038837 0.260046 0.768227 1.59176 2.70608 4.05793 5.58309 7.2176 8.90405 10.5944 12.2506 14.721
 0.0373742 0.219599 0.599246 1.17311 1.9087 2.76233 3.68972 4.65143 5.61511 6.55592 7.45591 8.7575
 0.0375744 0.224278 0.617889 1.2179 1.99206 2.8953 3.88109 4.90745 5.93959 6.95045 7.92028 9.32816
 0.0374931 0.222353 0.610191 1.19936 1.9575 2.8401 3.80154 4.80093 5.80447 6.78604 7.72665 9.09
 0.0372326 0.216411 0.586675 1.14312 1.85316 2.67408 3.56313 4.48254 5.40159 6.29684 7.15152 8.38439
 0.0381307 0.238492 0.67597 1.35971 2.25919 3.32551 4.50514 5.74794 7.0109 8.25959 9.46797 11.2417
 0.0376888 0.227047 0.629036 1.24485 2.04246 2.976 3.99758 5.06371 6.13806 7.19224 8.20537 9.67934
 0.0383072 0.243448 0.696734 1.41122 2.35739 3.48513 4.73848 6.06424 7.41634 8.75745 10.0591 11.9769
 0.0378172 0.230243 0.641999 1.27635 2.10159 3.07096 4.13502 5.24845 6.37313 7.47907 8.54402 10.0973
 0.0386087 0.252539 0.735517 1.50856 2.54452 3.79141 5.18873 6.6775 8.20562 9.73011 11.2175 13.424
 0.0386428 0.253623 0.740202 1.52041 2.56745 3.82912 5.24439 6.75357 8.3038 9.85141 11.3623 13.6054
 0.0389091 0.262552 0.779282 1.62011 2.76145 4.14971 5.71941 7.40491 9.14695 10.8957 12.6115 15.1756
 0.039265 0.276072 0.840139 1.77815 3.07308 4.6701 6.4972 8.47926 10.5465 12.6386 14.7067 17.8269
 0.0385578 0.250942 0.728641 1.49119 2.51099 3.73633 5.10753 6.56663 8.06262 9.55356 11.0069 13.1603
 0.0380759 0.237001 0.669777 1.34443 2.23018 3.27849 4.43659 5.65522 6.89228 8.11417 9.29557 11.0277
 0.0380759 0.237001 0.669777 1.34443 2.23018 3.27849 4.43659 5.65522 6.89228 8.11417 9.29557 11.0277
 0.0380759 0.237001 0.669777 1.34443 2.23018 3.27849 4.43659 5.65522 6.89228 8.11417 9.29557 11.0277
 0.0380759 0.237001 0.669777 1.34443 2.23018 3.27849 4.43659 5.65522 6.89228 8.11417 9.29557 11.0277
 0.0380759 0.237001 0.669777 1.34443 2.23018 3.27849 4.43659 5.65522 6.89228 8.11417 9.29557 11.0277
 0.0380759 0.237001 0.669777 1.34443 2.23018 3.27849 4.43659 5.65522 6.89228 8.11417 9.29557 11.0277
 0.0132186 0.0641695 0.168436 0.327768 0.53609 0.784354 1.06319 1.36396 1.67902 2.00165 2.32606 2.64724 2.96105 3.26409 3.55376 3.82815 4.08598 4.32654 4.54959 4.75526 4.94452
 0.0132186 0.0641695 0.168436 0.327768 0.53609 0.784354 1.06319 1.36396 1.67902 2.00165 2.32606 2.64724 2.96105 3.26409 3.55376 3.82815 4.08598 4.32654 4.54959 4.75526 4.94452
 0.0132186 0.0641695 0.168436 0.327768 0.53609 0.784354 1.06319 1.36396 1.67902 2.00165 2.32606 2.64724 2.96105 3.26409 3.55376 3.82815 4.08598 4.32654 4.54959 4.75526 4.94452
 0.0132186 0.0641695 0.168436 0.327768 0.53609 0.784354 1.06319 1.36396 1.67902 2.00165 2.32606 2.64724 2.96105 3.26409 3.55376 3.82815 4.08598 4.32654 4.54959 4.75526 4.94452
 0.0132449 0.0639799 0.167396 0.324968 0.530516 0.775014 1.04919 1.34453 1.65354 1.96965 2.2872 2.60132 2.90799 3.20393 3.48661 3.75421 4.00551 4.23984 4.457 4.65713 4.8412
 0.0132955 0.0636075 0.165376 0.319555 0.519779 0.757072 1.02235 1.30736 1.60487 1.90861 2.21316 2.51394 2.80712 3.08965 3.35916 3.61397 3.85298 4.07561 4.28169 4.47142 4.64575
 0.0132183 0.064172 0.16845 0.327804 0.536163 0.784475 1.06337 1.36421 1.67935 2.00207 2.32656 2.64784 2.96174 3.26488 3.55464 3.82911 4.08703 4.32767 4.5508 4.75654 4.94587
 0.0132227 0.0641402 0.168275 0.327332 0.535222 0.782898 1.06101 1.36093 1.67504 1.99666 2.31998 2.64007 2.95275 3.25468 3.54326 3.81658 4.07339 4.31297 4.5351 4.7399 4.92835
 0.0133588 0.0631248 0.162799 0.312707 0.506267 0.734587 0.988831 1.26107 1.54441 1.83293 2.12155 2.40598 2.68269 2.94886 3.20233 3.4416 3.66568 3.87411 4.06678 4.24393 4.40649
 0.0131881 0.0643857 0.169631 0.330997 0.542536 0.795176 1.07944 1.38654 1.70867 2.03893 2.37136 2.70082 3.023 3.33439 3.63226 3.91463 4.18015 4.42804 4.65803 4.87024 5.06562
 0.0132608 0.0638636 0.166762 0.323265 0.527133 0.769352 1.04071 1.33278 1.63814 1.95033 2.26375 2.57363 2.87601 3.16768 3.44618 3.7097 3.95709 4.18769 4.40131 4.59813 4.77909
 0.0132795 0.0637263 0.166017 0.32127 0.523176 0.762741 1.03082 1.31908 1.62021 1.92783 2.23646 2.54143 2.83884 3.12557 3.39921 3.65802 3.90088 4.12717 4.33671 4.5297 4.70707
 0.0132547 0.0639087 0.167008 0.323924 0.528442 0.771542 1.04399 1.33732 1.64409 1.95779 2.2728 2.58433 2.88836 3.18168 3.46179 3.72689 3.97578 4.20782 4.42281 4.6209 4.80306
 0.0131834 0.0644187 0.169815 0.331495 0.54353 0.796847 1.08195 1.39004 1.71325 2.04471 2.37839 2.70913 3.03261 3.3453 3.64445 3.92806 4.19477 4.44381 4.67488 4.88811 5.08445
 0.0132302 0.064086 0.167977 0.326531 0.533625 0.780221 1.05699 1.35536 1.66773 1.98748 2.30884 2.62689 2.93753 3.23742 3.52398 3.79535 4.05028 4.28808 4.50851 4.71172 4.89867
 0.0131371 0.06474 0.171612 0.336379 0.553317 0.81333 1.10676 1.42459 1.75869 2.10193 2.44802 2.79158 3.12804 3.45369 3.7656 4.06163 4.34032 4.60079 4.8427 5.06613 5.27204
 0.0130891 0.0650652 0.173455 0.341418 0.563457 0.830462 1.13262 1.46067 1.80625 2.16191 2.52113 2.87825 3.22847 3.56787 3.89334 4.20259 4.49402 4.76669 5.02017 5.25449 5.47065
 0.0133503 0.0626928 0.160765 0.307121 0.494554 0.713796 0.955922 1.21317 1.47902 1.74802 2.01562 2.27809 2.53237 2.77607 3.00742 3.2252 3.42865 3.61745 3.79163 3.95147 4.09795
 0.0133385 0.0632813 0.163629 0.314907 0.510598 0.741783 0.999545 1.27585 1.5637 1.85705 2.15072 2.44034 2.72228 2.99362 3.25218 3.49636 3.72516 3.93807 4.13498 4.31611 4.48238
 0.0133176 0.0634409 0.164481 0.317171 0.515066 0.749217 1.01063 1.29115 1.58368 1.88207 2.18101 2.47603 2.76341 3.04016 3.30401 3.55333 3.78707 4.00467 4.20601 4.39129 4.56145
 0.0130707 0.0651873 0.174154 0.343336 0.567329 0.837018 1.14254 1.47453 1.82453 2.18499 2.5493 2.91167 3.26723 3.61197 3.94271 4.2571 4.5535 4.83091 5.0889 5.32747 5.54762
 0.0131935 0.0643479 0.169422 0.33043 0.541403 0.793273 1.07658 1.38257 1.70344 2.03236 2.36337 2.69137 3.01207 3.32198 3.6184 3.89935 4.16351 4.41011 4.63887 4.84992 5.04421
 0.0132758 0.0637534 0.166164 0.321662 0.523952 0.764037 1.03276 1.32177 1.62372 1.93223 2.2418 2.54773 2.84611 3.13381 3.4084 3.66813 3.91187 4.139 4.34934 4.54307 4.72115
 0.0133149 0.0634612 0.16459 0.317461 0.515637 0.750168 1.01205 1.29311 1.58624 1.88527 2.18489 2.48061 2.76869 3.04613 3.31067 3.56065 3.79502 4.01323 4.21514 4.40096 4.57162
 0.0134042 0.0627673 0.16092 0.307751 0.49654 0.718465 0.964877 1.22808 1.50142 1.77923 2.05666 2.32964 2.59483 2.84957 3.09186 3.3203 3.53402 3.73258 3.91595 4.08438 4.2388
 0.0132157 0.0646718 0.170969 0.334899 0.551234 0.81144 1.1063 1.42699 1.76541 2.11428 2.46707 2.81811 3.16259 3.49652 3.81678 4.12106 4.40775 4.6759 4.92509 5.15535 5.36756
 0.0135093 0.0618978 0.156451 0.296088 0.473818 0.681025 0.909508 1.15212 1.40278 1.65638 1.9086 2.15584 2.3952 2.62439 2.84173 3.04606 3.23671 3.4134 3.57617 3.72534 3.86178
 0.0130912 0.065051 0.173375 0.341197 0.563013 0.829709 1.13149 1.45908 1.80415 2.15926 2.5179 2.87442 3.22403 3.56282 3.88769 4.19635 4.48722 4.75934 5.01231 5.24614 5.46184
 0.0130906 0.0650547 0.173395 0.341254 0.563127 0.829903 1.13178 1.45949 1.80469 2.15994 2.51873 2.8754 3.22517 3.56412 3.88914 4.19796 4.48897 4.76123 5.01433 5.24829 5.46411
 0.0130904 0.0650561 0.173404 0.341277 0.563173 0.82998 1.13189 1.45965 1.8049 2.16021 2.51906 2.8758 3.22563 3.56463 3.88972 4.1986 4.48967 4.76199 5.01514 5.24915 5.46501
 0.0131036 0.064968 0.172902 0.339902 0.560403 0.825295 1.12482 1.44977 1.79187 2.14376 2.499 2.85201 3.19805 3.53327 3.85462 4.15985 4.4474 4.71636 4.96632 5.19732 5.41036
 0.0131783 0.0644549 0.170016 0.33204 0.544622 0.798683 1.08471 1.39388 1.7183 2.05106 2.38611 2.71827 3.04318 3.3573 3.65786 3.94284 4.21087 4.46116 4.69343 4.90778 5.10517
 0.0132635 0.0638445 0.166658 0.322987 0.52658 0.768428 1.03933 1.33086 1.63563 1.94718 2.25992 2.56912 2.8708 3.16178 3.43959 3.70246 3.94921 4.1792 4.39225 4.58853 4.76899
 0.0132186 0.0641695 0.168436 0.327768 0.53609 0.784354 1.06319 1.36396 1.67902 2.00165 2.32606 2.64724 2.96105 3.26409 3.55376 3.82815 4.08598 4.32654 4.54959 4.75526 4.94452
 0.0132186 0.0641695 0.168436 0.327768 0.53609 0.784354 1.06319 1.36396 1.67902 2.00165 2.32606 2.64724 2.96105 3.26409 3.55376 3.82815 4.08598 4.32654 4.54959 4.75526 4.94452
 0.0132186 0.0641695 0.168436 0.327768 0.53609 0.784354 1.06319 1.36396 1.67902 2.00165 2.32606 2.64724 2.96105 3.26409 3.55376 3.82815 4.08598 4.32654 4.54959 4.75526 4.94452
 0.0132186 0.0641695 0.168436 0.327768 0.53609 0.784354 1.06319 1.36396 1.67902 2.00165 2.32606 2.64724 2.96105 3.26409 3.55376 3.82815 4.08598 4.32654 4.54959 4.75526 4.94452
 0.0132186 0.0641695 0.168436 0.327768 0.53609 0.784354 1.06319 1.36396 1.67902 2.00165 2.32606 2.64724 2.96105 3.26409 3.55376 3.82815 4.08598 4.32654 4.54959 4.75526 4.94452
 0.0132186 0.0641695 0.168436 0.327768 0.53609 0.784354 1.06319 1.36396 1.67902 2.00165 2.32606 2.64724 2.96105 3.26409 3.55376 3.82815 4.08598 4.32654 4.54959 4.75526 4.94452
# pmature
 0 0.008 0.289 0.641 0.842 0.901 0.947 0.963 0.97 1 1 1
 0 0.0230034 0.0582256 0.139669 0.298879 0.52816 0.746145 0.885295 0.952977 0.981555 0.992895 0.997282
 0 0 0 0.0233645 0.388889 0.837937 0.973475 0.995968 0.9992 1 1 1 1 1 1 1 1 1 1 1 1
# M1_base
 0.01 0.3 0.3 0.3 0.3 0.3 0.3 0.3 0.3 0.3 0.3 0.3
 0.38 0.38 0.38 0.38 0.38 0.38 0.38 0.38 0.38 0.38 0.38 0.38
 0.269386 0.263834 0.258404 0.253152 0.248123 0.243358 0.238884 0.234721 0.230881 0.227364 0.224166 0.221278 0.218683 0.216365 0.214302 0.212476 0.210864 0.209446 0.208202 0.207114 0.206164
# nyrs_srv_biom
 36 36 36
# yrs_srv_biom
 1982 1983 1984 1985 1986 1987 1988 1989 1990 1991 1992 1993 1994 1995 1996 1997 1998 1999 2000 2001 2002 2003 2004 2005 2006 2007 2008 2009 2010 2011 2012 2013 2014 2015 2016 2017
 1982 1983 1984 1985 1986 1987 1988 1989 1990 1991 1992 1993 1994 1995 1996 1997 1998 1999 2000 2001 2002 2003 2004 2005 2006 2007 2008 2009 2010 2011 2012 2013 2014 2015 2016 2017
 1982 1983 1984 1985 1986 1987 1988 1989 1990 1991 1992 1993 1994 1995 1996 1997 1998 1999 2000 2001 2002 2003 2004 2005 2006 2007 2008 2009 2010 2011 2012 2013 2014 2015 2016 2017
# srv_biom
 2.91287e+06 5.92138e+06 4.5424e+06 5.94985e+06 4.83572e+06 5.49843e+06 7.18396e+06 6.55041e+06 7.29665e+06 5.12954e+06 4.52615e+06 5.29482e+06 5.02733e+06 5.47784e+06 3.12525e+06 3.56216e+06 2.68776e+06 3.79847e+06 5.10363e+06 4.19685e+06 4.95344e+06 8.39226e+06 3.86297e+06 4.86862e+06 3.04538e+06 4.33822e+06 3.02327e+06 2.28241e+06 3.73788e+06 3.11231e+06 3.48723e+06 4.5754e+06 7.42995e+06 6.39436e+06 4.91008e+06 4.81437e+06
 1.0935e+06 1.26273e+06 1.07813e+06 1.11462e+06 1.18923e+06 1.0646e+06 976152 868804 728996 530488 538862 669305 1.3771e+06 1.00829e+06 909133 627151 550504 618679 537563 827176 597943 625659 578064 638764 544035 450337 427503 430084 870639 911082 896401 811667 1.09527e+06 1.10912e+06 986013 643953
 69990 110643 160396 163637 229865 280117 297331 339246 402326 298789 345562 446816 476355 448016 527254 463081 345172 239708 314694 378107 313075 498041 519129 662712 608055 482359 530127 406855 528667 522106 402887 405509 465616 409243 475264 424194
# srv_biom_se
 366651 499144 464160 418009 478096 610658 747659 604704 959543 640563 513351 470340 527058 1.03878e+06 277009 422762 294523 448445 575116 339921 449590 2.03305e+06 357189 451533 283799 447325 345552 277023 429271 282800 343686 366207 484925 402369 449028 359597
 73869.7 120958 62513.2 61053.7 69626.3 63997.7 77490 62883.2 52789.5 38366.6 44673.9 53151.2 247764 91636.5 87573.6 68411.1 43013.3 56577.2 43172 73336 63844.9 62402.6 33833 43470.1 28964.6 35083.5 27847.4 35061 102350 66919.4 100487 74203.5 153347 150994 77381.1 49976
 7621 10233 23051 14728 23459 20003.1 35115.2 35416.2 36213.3 37857.5 48372.4 42387.1 46622.9 65146.7 55453 59443.4 39244.9 62412.1 53373.6 35298.8 29601.9 43126.9 38310.7 47346.1 46570.2 37628.3 45958.4 40460.8 44078.5 40180.8 43145.4 36024 32255 25208.1 23037.7 27768.4
# nyrs_srv_age
 36 36 36
# srv_age_type
 1 2 2
# yrs_srv_age
 1982 1983 1984 1985 1986 1987 1988 1989 1990 1991 1992 1993 1994 1995 1996 1997 1998 1999 2000 2001 2002 2003 2004 2005 2006 2007 2008 2009 2010 2011 2012 2013 2014 2015 2016 2017
 1982 1983 1984 1985 1986 1987 1988 1989 1990 1991 1992 1993 1994 1995 1996 1997 1998 1999 2000 2001 2002 2003 2004 2005 2006 2007 2008 2009 2010 2011 2012 2013 2014 2015 2016 2017
 1982 1983 1984 1985 1986 1987 1988 1989 1990 1991 1992 1993 1994 1995 1996 1997 1998 1999 2000 2001 2002 2003 2004 2005 2006 2007 2008 2009 2010 2011 2012 2013 2014 2015 2016 2017
# srv_age_bins
 12 25 25
# srv_age_n
 100 100 100 100 100 100 100 100 100 100 100 100 100 100 100 100 100 100 100 100 100 100 100 100 100 100 100 100 100 100 100 100 100 100 100 100
 100 100 100 100 100 100 100 100 100 100 100 100 100 100 100 100 100 100 100 100 100 100 100 100 100 100 100 100 100 100 100 100 100 100 100 100
 100 100 100 100 100 100 100 100 100 100 100 100 100 100 100 100 100 100 100 100 100 100 100 100 100 100 100 100 100 100 100 100 100 100 100 100
# srv_age_obs
 1.28717e+06 3.05939e+06 3.35605e+06 4.37734e+06 1.5053e+06 206112 142939 68188.2 43057.1 26992.1 16635.5 16728.9
 4.79593e+06 735796 1.65625e+06 2.97968e+06 6.68982e+06 2.04208e+06 371288 197751 89210.1 77373 57532.7 38244.4
 435224 362679 536845 1.53467e+06 1.90486e+06 4.45127e+06 853250 189416 88174.2 31233.9 20834.2 21467.4
 6.07746e+06 997049 3.8446e+06 1.2221e+06 4.03096e+06 2.45452e+06 1.67898e+06 330888 84431.8 69657.3 23942.2 17795
 2.77036e+06 679441 504976 1.87526e+06 1.13528e+06 1.88948e+06 1.65325e+06 1.50068e+06 470550 71739.5 33146 21144
 439576 793714 1.08229e+06 816563 4.95582e+06 1.37136e+06 1.313e+06 518627 1.64041e+06 253489 74457.3 39154.8
 1.63131e+06 840950 1.94611e+06 3.69228e+06 1.60553e+06 5.20907e+06 1.54398e+06 1.16924e+06 673696 1.59616e+06 150805 145078
 1.05062e+06 346843 672238 2.21837e+06 4.98091e+06 988957 3.76118e+06 571330 687332 266522 837293 426717
 2.37055e+06 402260 144332 924534 1.84679e+06 6.19284e+06 1.2431e+06 3.05793e+06 309926 549496 84579.3 978905
 3.18406e+06 912668 326559 105539 642845 600428 1.98591e+06 746650 1.60644e+06 420256 567949 564314
 1.61857e+06 454619 2.36182e+06 397670 444529 744785 654959 938948 418463 798000 280335 711283
 2.61249e+06 392448 899950 3.84393e+06 833425 667117 345404 474146 643010 395926 347293 692867
 1.68944e+06 749842 572514 1.63065e+06 4.41294e+06 773620 201580 174712 196082 368790 224718 737441
 2.23642e+06 220751 427030 1.99504e+06 2.65443e+06 4.32255e+06 1.8347e+06 483262 295935 185324 349366 646346
 1.58432e+06 378278 174856 348010 963974 1.36331e+06 1.24438e+06 423703 105571 113128 76459.6 388910
 2.53565e+06 393084 201661 258667 3.1093e+06 1.38264e+06 828293 997104 168652 84790.3 64162.8 349339
 736932 643257 335741 239808 468355 2.67368e+06 680219 429140 331916 82873 37071.9 146974
 1.13648e+06 1.04403e+06 968046 1.0499e+06 598742 1.06923e+06 2.69072e+06 725343 350118 326271 119279 196842
 1.14185e+06 427297 534759 1.82471e+06 1.81369e+06 932168 783151 2.56404e+06 999456 523475 221401 304354
 1.83162e+06 1.0566e+06 571315 546262 1.38114e+06 1.44434e+06 620983 308115 917970 658963 251815 386953
 816436 415497 854936 1.23094e+06 1.28087e+06 1.66192e+06 862998 417520 565028 1.06094e+06 528865 458305
 558371 171023 1.04473e+06 1.75222e+06 2.07834e+06 1.90763e+06 2.55493e+06 1.44455e+06 660171 860540 1.75199e+06 1.30039e+06
 406007 286781 181863 1.37164e+06 1.33777e+06 1.01778e+06 598472 648236 320576 200468 199830 580772
 397452 151961 246945 1.07337e+06 3.00783e+06 2.02271e+06 1.05512e+06 479460 364459 267882 72062.8 595938
 877739 80322.3 124803 407999 1.02288e+06 1.29857e+06 831113 399762 228319 196587 94612.5 371626
 2.35861e+06 66960.2 169203 482875 1.51101e+06 1.76802e+06 1.27501e+06 920004 388370 173963 161245 440509
 528429 129780 108339 198896 564419 1.13441e+06 889090 618183 392269 153707 128174 319178
 799602 221182 462932 499463 288981 420500 569494 444963 323346 157022 103550 157464
 510780 144251 277842 2.98502e+06 1.33708e+06 416800 358828 379506 399106 271726 234302 229041
 1.15982e+06 124893 271915 371801 1.85927e+06 909760 266686 151419 236869 235639 197488 325039
 1.18682e+06 242208 454965 3.25589e+06 760973 1.22843e+06 420574 168222 127464 176047 144391 338147
 1.23431e+06 133104 256160 1.00783e+06 5.01197e+06 1.16245e+06 724535 254154 86038.9 77741.6 102154 239021
 2.26075e+06 612130 281381 368625 1.70546e+06 6.2571e+06 3.25473e+06 693347 381365 138878 53130.9 280875
 1.20471e+06 827820 2.33181e+06 586422 1.22155e+06 2.27581e+06 4.43384e+06 1.29291e+06 306295 146712 19019.8 106196
 768289 483945 695033 3.32992e+06 1.36506e+06 922022 1.30126e+06 1.9191e+06 376848 147833 49321.5 35683.9
 585.721 288.567 460.248 2367.13 2863.3 1246.97 861.294 774.21 918.785 262.388 93.3768 41.9138
 16 88 217 139 36 27 129 402 765 753 419 520 1515 1326 1285 1187 888 483 214 94 29 11 4 0 0
 409 1446 1336 644 153 32 136 356 522 354 204 398 1339 1285 1364 1142 906 643 307 127 25 16 3 1 0
 67 124 85 148 299 927 1613 1669 1028 483 246 259 535 591 883 980 892 599 389 177 97 39 10 2 0
 156 527 951 1523 1750 662 300 596 883 950 1165 1540 1887 683 482 545 688 676 496 253 111 38 17 5 0
 155 465 502 154 114 692 1775 1907 1585 1083 552 425 1070 1338 1203 629 416 453 369 265 118 74 21 13 0
 17 69 250 398 267 185 441 899 778 606 617 959 1474 829 598 654 633 411 210 165 69 49 16 7 0
 9 48 76 87 109 233 280 383 638 621 490 658 1413 1305 1115 853 573 422 294 247 74 31 24 7 4
 21 147 301 209 70 34 84 88 139 350 345 371 880 1197 1296 1141 942 851 658 335 247 143 88 62 0
 203 494 708 359 134 123 251 295 324 279 177 123 192 222 341 412 278 260 177 124 81 32 26 11 2
 130 384 427 367 229 276 626 900 931 632 348 193 301 315 249 214 205 176 108 112 49 19 22 8 1
 18 456 517 698 557 435 853 1075 857 543 451 622 914 546 242 222 177 103 97 85 51 37 28 15 4
 115 919 1084 983 679 214 248 614 846 666 488 615 1072 664 399 267 230 86 63 48 37 21 24 14 6
 18 146 292 363 326 446 957 1921 2079 1121 444 524 1215 961 1059 921 565 288 92 45 34 61 16 21 9
 30 73 135 208 77 173 460 691 578 705 1063 1233 1358 616 434 483 327 254 132 84 39 26 19 9 3
 14 65 165 199 110 104 359 700 679 526 498 741 1471 1402 910 497 289 237 149 110 71 25 16 7 3
 90 474 600 728 508 140 213 480 627 452 406 397 917 811 841 585 441 217 106 60 40 26 10 5 1
 29 260 333 73 45 311 1149 1835 1394 656 380 368 660 458 378 392 334 243 133 64 32 29 9 10 0
 71 336 285 112 142 417 757 869 664 721 1173 1649 1851 768 495 449 339 252 132 89 62 37 22 6 2
 187 913 1302 502 54 141 486 784 603 561 746 956 1717 1423 897 537 265 186 99 79 56 32 19 3 0
 100 646 1830 2114 1011 408 904 1992 2545 1614 705 485 1191 1274 1074 815 511 255 122 70 32 22 15 5 5
 32 191 374 351 104 209 665 1459 1450 1006 792 1215 1577 878 609 545 366 207 103 49 20 17 15 2 3
 21 286 642 784 688 492 182 251 677 834 970 1189 1969 1214 768 515 338 259 141 86 34 14 2 1 0
 26 278 487 567 320 217 483 728 928 980 711 577 805 924 843 713 473 284 210 111 81 35 15 6 4
 5 152 587 889 1011 1052 482 414 572 726 650 626 865 706 522 529 495 358 291 181 102 46 21 7 0
 489 1285 1074 882 316 165 265 603 752 864 706 532 727 854 642 493 394 320 259 238 144 76 34 15 3
 624 3986 2587 1237 473 151 327 416 385 262 211 224 380 371 260 269 206 148 83 64 68 42 17 16 5
 230 1120 889 266 131 948 2002 1959 1083 512 380 409 646 607 519 454 312 193 99 70 57 47 31 16 1
 1523 3026 1881 997 177 209 764 1301 866 653 968 1106 1328 600 408 349 239 127 64 34 26 10 14 5 3
 24 103 152 63 53 381 1029 1208 777 366 218 488 760 656 636 386 149 58 30 11 10 6 4 1 0
 104 706 1395 2420 1673 181 160 331 584 788 1534 2585 3151 1305 1191 1255 803 366 102 56 19 20 4 7 1
 1146 1719 1136 731 89 124 521 979 978 446 188 207 706 1634 1209 571 332 209 84 33 14 11 5 2 0
 176 576 700 183 418 1837 2901 2218 965 499 463 883 2092 1248 877 1075 846 419 179 85 31 19 4 2 0
 101 697 1645 1597 1047 303 386 992 1441 844 538 1184 2993 1335 1035 866 392 289 160 55 18 13 6 4 0
 53 204 156 191 231 235 576 1631 3076 2693 1359 845 2242 1791 1827 1090 510 290 181 76 42 9 7 3 1
 1642.11 10583.5 8634.96 23645.1 57089.7 36802.8 10059.3 19719.9 35996.1 58696.2 76350.9 127063 323298 181298 106379 90889.5 78325.9 43561 15956.6 9034.23 3929.49 1585.33 725.655 666.634 0
 249.968 5827.73 10120.6 15489.2 25577 32181.8 20416.2 18597.8 21691.6 26712.3 31109.6 36763.8 74379 108745 115171 68808.8 44739.3 31464.1 23305.1 10674.5 3823 1725.77 613.002 33.01 38.768
 9.53613e+06 4.44311e+06 1.82207e+07 3.07067e+07 1.86125e+07 1.02147e+07 1.34774e+07 1.22502e+07 1.91191e+07 1.61853e+07 1.6249e+07 1.63401e+07 1.41111e+07 1.4574e+07 6.58368e+06 7.50313e+06 4.63995e+06 1.39516e+06 511429 413830 49590 96078 0 0 0
 4.21266e+06 2.59989e+07 5.06488e+07 7.36024e+07 6.42213e+07 2.62322e+07 1.70098e+07 2.88023e+07 3.38509e+07 2.33889e+07 2.45427e+07 2.6509e+07 1.73458e+07 1.5049e+07 6.06316e+06 3.6728e+06 2.031e+06 1.31646e+06 1.58725e+06 397318 173939 0 0 0 0
 5.12795e+06 1.58839e+07 1.21941e+07 6.81916e+06 6.19628e+06 1.55933e+07 4.66108e+07 8.03789e+07 9.7947e+07 6.00657e+07 3.06174e+07 2.16768e+07 1.65298e+07 2.37158e+07 2.41838e+07 1.07852e+07 3.61925e+06 2.73733e+06 1.72599e+06 1.72514e+06 1.03102e+06 85443 39243 0 0
 1.24468e+07 3.02664e+06 1.03047e+07 1.36203e+07 1.41141e+07 1.71253e+07 2.04921e+07 1.45267e+07 2.06763e+07 4.36797e+07 7.33639e+07 6.10314e+07 3.57424e+07 2.56068e+07 1.46235e+07 1.0499e+07 6.63266e+06 4.57965e+06 1.322e+06 1.69131e+06 780442 419068 129417 0 38886
 2.7724e+06 1.93401e+07 4.10415e+07 4.61995e+07 3.09377e+07 1.22022e+07 1.55156e+07 2.29778e+07 3.10591e+07 3.10961e+07 2.57715e+07 3.52592e+07 4.84441e+07 7.72222e+07 3.84717e+07 1.47448e+07 1.08194e+07 8.18146e+06 6.67401e+06 1.54368e+06 691770 343978 0 0 0
 4.61429e+06 8.91492e+06 2.55111e+07 2.26095e+07 1.71402e+07 3.32466e+07 7.24727e+07 7.667e+07 5.36e+07 3.2848e+07 3.79107e+07 3.64661e+07 3.34289e+07 5.03846e+07 5.01534e+07 3.94138e+07 2.04829e+07 8.65898e+06 5.52639e+06 3.92778e+06 1.26592e+06 276048 0 102031 0
 7.94392e+06 2.68595e+07 8.14286e+07 5.7774e+07 2.17684e+07 1.59373e+07 3.01119e+07 3.81059e+07 4.98309e+07 6.47499e+07 9.24375e+07 8.52403e+07 4.39502e+07 5.06888e+07 4.07592e+07 2.10463e+07 2.20552e+07 1.43174e+07 4.11114e+06 2.61351e+06 1.28545e+06 568877 33096 45869 0
 8.99638e+06 3.74763e+07 7.24605e+07 4.89746e+07 4.25515e+07 6.53248e+07 7.56589e+07 5.9016e+07 4.04158e+07 4.07992e+07 5.74454e+07 7.21732e+07 7.35157e+07 8.75663e+07 4.50621e+07 2.62802e+07 2.27644e+07 1.86545e+07 1.33931e+07 6.22098e+06 1.65236e+06 80118 227875 0 0
 9.25259e+06 2.55761e+07 2.43809e+07 1.45204e+07 1.06128e+07 3.02057e+07 6.29594e+07 9.07521e+07 7.86266e+07 7.38554e+07 7.30995e+07 4.9538e+07 3.79087e+07 7.2839e+07 7.14429e+07 4.01456e+07 1.79281e+07 1.14143e+07 1.19083e+07 9.71275e+06 5.98257e+06 1.88504e+06 290622 76078 0
 2.23694e+06 1.15658e+07 1.27172e+07 1.0932e+07 1.35273e+07 2.87299e+07 3.59907e+07 3.80274e+07 3.19753e+07 5.30043e+07 7.76954e+07 6.74345e+07 4.4599e+07 5.11868e+07 2.74066e+07 2.4621e+07 2.3508e+07 1.06516e+07 6.50941e+06 5.75799e+06 3.57083e+06 3.56663e+06 1.92189e+06 229381 174124
 8.84775e+06 1.56335e+07 1.2159e+07 9.42889e+06 1.21622e+07 1.51167e+07 2.00406e+07 2.62233e+07 3.48443e+07 4.45682e+07 4.91332e+07 6.39693e+07 6.04716e+07 8.22178e+07 5.53267e+07 3.44028e+07 1.99721e+07 1.83417e+07 1.03782e+07 4.65023e+06 3.85932e+06 3.08839e+06 1.16907e+06 95186 0
 3.93142e+06 1.33127e+07 1.3652e+07 1.50702e+07 2.07524e+07 1.76361e+07 1.62771e+07 2.60223e+07 3.10658e+07 3.75933e+07 4.60425e+07 5.55427e+07 6.28843e+07 8.91057e+07 6.84847e+07 6.19894e+07 4.27081e+07 2.68358e+07 2.13155e+07 1.49432e+07 5.27577e+06 1.69764e+06 1.98117e+06 617421 183775
 8.26602e+06 2.86905e+07 2.81464e+07 1.83304e+07 1.45821e+07 2.83433e+07 2.74736e+07 2.95808e+07 3.03312e+07 3.44223e+07 3.96017e+07 4.66394e+07 5.52848e+07 1.01769e+08 8.5086e+07 5.54346e+07 4.15228e+07 3.55376e+07 1.99954e+07 1.85293e+07 7.47113e+06 2.07036e+06 1.05853e+06 259063 346919
 1.74469e+06 8.95351e+06 1.8936e+07 1.45222e+07 1.79895e+07 2.91078e+07 2.51547e+07 2.41744e+07 3.07026e+07 5.15646e+07 4.02493e+07 4.01996e+07 4.13858e+07 7.87796e+07 7.51009e+07 5.62526e+07 4.476e+07 3.32006e+07 2.56154e+07 1.70415e+07 1.21876e+07 3.99061e+06 1.17404e+06 625920 0
 9.24871e+06 1.1499e+07 1.01144e+07 6.60558e+06 6.82558e+06 1.54875e+07 2.4524e+07 3.28093e+07 3.34491e+07 3.25171e+07 3.55004e+07 4.33971e+07 4.50911e+07 6.08251e+07 5.896e+07 4.97003e+07 4.40543e+07 3.67435e+07 3.16093e+07 2.64611e+07 1.53398e+07 9.91026e+06 3.38013e+06 2.04537e+06 0
 7.51102e+06 1.91649e+07 2.03196e+07 2.02346e+07 1.96892e+07 1.47915e+07 1.7869e+07 1.52653e+07 1.78344e+07 1.87474e+07 2.54735e+07 3.33705e+07 3.74267e+07 5.57704e+07 5.59095e+07 4.28229e+07 3.66219e+07 3.45613e+07 2.71345e+07 1.49812e+07 1.58672e+07 9.07527e+06 5.58695e+06 2.10954e+06 0
 1.02473e+07 1.38907e+07 1.41466e+07 1.97295e+07 2.37031e+07 2.1973e+07 2.67031e+07 2.8414e+07 3.12332e+07 3.34377e+07 2.67544e+07 2.17143e+07 2.67029e+07 5.34629e+07 4.37763e+07 2.78241e+07 2.42463e+07 2.20408e+07 1.71698e+07 1.12112e+07 9.34198e+06 8.04078e+06 2.96788e+06 1.99251e+06 89425
 8.69375e+06 1.5461e+07 1.53388e+07 1.60231e+07 2.36789e+07 2.67571e+07 2.77204e+07 2.82231e+07 2.77659e+07 2.7684e+07 2.72343e+07 2.73446e+07 1.82438e+07 2.18995e+07 1.75904e+07 2.03059e+07 1.40626e+07 1.50099e+07 1.36498e+07 9.46618e+06 6.98924e+06 4.63387e+06 4.31096e+06 1.34759e+06 227114
 1.55641e+07 2.8975e+07 2.72356e+07 1.79689e+07 2.25332e+07 2.44514e+07 2.60057e+07 2.99947e+07 3.94237e+07 3.90466e+07 3.69658e+07 3.49799e+07 3.86066e+07 4.83621e+07 3.07554e+07 2.77365e+07 2.46628e+07 2.70719e+07 1.49644e+07 8.64561e+06 4.75713e+06 4.19045e+06 2.28238e+06 969718 369864
 6.41384e+06 1.82946e+07 3.67513e+07 4.31653e+07 3.97133e+07 3.03119e+07 3.92133e+07 5.22749e+07 5.33307e+07 4.1838e+07 4.059e+07 4.17181e+07 3.99833e+07 5.34791e+07 5.03308e+07 3.56713e+07 2.54069e+07 1.86479e+07 1.88175e+07 1.05384e+07 7.01982e+06 3.32407e+06 3.27592e+06 1.65624e+06 108012
 8.77162e+06 1.25519e+07 1.27222e+07 1.399e+07 2.06077e+07 3.69629e+07 5.03684e+07 5.8847e+07 6.45928e+07 5.40205e+07 4.82803e+07 4.30074e+07 3.56765e+07 4.2128e+07 3.6312e+07 2.57028e+07 1.76016e+07 1.31758e+07 1.02244e+07 8.64864e+06 6.58044e+06 3.67124e+06 1.53374e+06 1.16895e+06 363575
 1.20204e+07 2.68729e+07 5.94056e+07 5.22095e+07 4.6111e+07 3.74558e+07 3.46475e+07 4.5396e+07 5.68763e+07 7.14296e+07 7.31441e+07 8.04684e+07 6.74654e+07 7.412e+07 5.10366e+07 3.73521e+07 2.96709e+07 2.3321e+07 1.72452e+07 1.23568e+07 1.1559e+07 6.83499e+06 3.04228e+06 2.96219e+06 787930
 1.92147e+07 3.93562e+07 8.29327e+07 6.92354e+07 5.55463e+07 7.31706e+07 8.96784e+07 8.22321e+07 8.04173e+07 6.60155e+07 6.94462e+07 7.33788e+07 7.45106e+07 1.02823e+08 5.87668e+07 3.9753e+07 2.65245e+07 2.28235e+07 1.90724e+07 1.20144e+07 7.39469e+06 5.34153e+06 3.26268e+06 2.63897e+06 762897
 1.5058e+07 4.99772e+07 1.12793e+08 9.46707e+07 6.40422e+07 8.74067e+07 9.37788e+07 1.03732e+08 9.9929e+07 1.09686e+08 1.18182e+08 9.88555e+07 8.21772e+07 1.048e+08 8.16545e+07 6.18595e+07 3.52968e+07 2.45816e+07 1.92894e+07 1.64773e+07 1.43577e+07 6.8183e+06 4.09109e+06 2.21057e+06 904074
 1.17773e+07 1.95106e+07 3.42358e+07 4.34305e+07 4.38663e+07 6.46309e+07 1.04222e+08 1.49873e+08 1.24307e+08 9.14884e+07 9.28704e+07 9.14387e+07 9.64723e+07 1.18511e+08 6.45316e+07 4.72005e+07 3.99247e+07 2.23453e+07 1.30992e+07 1.10406e+07 7.88493e+06 6.55595e+06 3.01478e+06 2.49677e+06 846463
 3.71088e+07 7.02702e+07 5.43056e+07 3.49993e+07 3.03921e+07 2.81138e+07 3.28058e+07 5.19105e+07 6.82756e+07 9.02215e+07 1.0243e+08 9.00668e+07 7.56464e+07 8.6079e+07 6.20266e+07 4.36616e+07 2.7645e+07 1.98302e+07 1.11111e+07 8.02464e+06 7.11231e+06 5.95552e+06 3.32620e+06 1.59706e+06 719404
 1.61499e+07 3.79561e+07 5.39882e+07 5.43091e+07 6.96393e+07 6.50773e+07 5.62915e+07 5.29046e+07 7.81106e+07 9.00239e+07 1.06962e+08 1.16978e+08 1.07029e+08 1.1601e+08 7.13844e+07 5.46796e+07 3.09124e+07 1.85548e+07 1.00195e+07 6.79001e+06 5.56486e+06 5.1141e+06 1.84136e+06 2.23418e+06 1.43196e+06
 2.02938e+07 3.72321e+07 2.75069e+07 1.83105e+07 3.37734e+07 5.01217e+07 5.6732e+07 5.81785e+07 7.63311e+07 5.87729e+07 5.31505e+07 5.78193e+07 6.12309e+07 9.41637e+07 6.12597e+07 3.83047e+07 2.51572e+07 1.38311e+07 6.3184e+06 5.68851e+06 4.5815e+06 3.30721e+06 3.15773e+06 2.80903e+06 266908
 2.49762e+07 6.05148e+07 4.04941e+07 1.71984e+07 3.51508e+07 4.51098e+07 3.46139e+07 5.34974e+07 7.9869e+07 8.23401e+07 9.1643e+07 7.83582e+07 6.85307e+07 9.28554e+07 8.27296e+07 6.85335e+07 4.32304e+07 2.94541e+07 1.344e+07 7.68183e+06 2.62389e+06 2.53955e+06 1.5142e+06 2.33514e+06 1.15224e+06
 1.46826e+07 3.19201e+07 3.01084e+07 2.08173e+07 3.72204e+07 5.51679e+07 4.29596e+07 4.38598e+07 6.12725e+07 5.52561e+07 7.37974e+07 8.79302e+07 7.69156e+07 8.99525e+07 7.33556e+07 6.07756e+07 4.54245e+07 3.58707e+07 2.07412e+07 9.92574e+06 4.242e+06 1.40404e+06 1.17115e+06 1.56217e+06 619448
 1.54731e+07 2.14255e+07 1.24223e+07 2.20246e+07 3.2185e+07 3.42314e+07 4.80476e+07 5.79658e+07 5.47386e+07 5.56301e+07 5.8747e+07 5.87975e+07 5.96863e+07 8.48283e+07 5.74585e+07 4.12012e+07 3.52469e+07 2.66155e+07 1.20692e+07 9.80439e+06 3.31641e+06 1.5349e+06 976255 1.30595e+06 101423
 8.41422e+06 1.62678e+07 8.86642e+06 9.73295e+06 1.26574e+07 1.4926e+07 2.18897e+07 2.5865e+07 3.5321e+07 4.75516e+07 5.00142e+07 5.43419e+07 4.76394e+07 6.61454e+07 5.72913e+07 4.6759e+07 2.91879e+07 2.84304e+07 2.0384e+07 1.11041e+07 4.93303e+06 1.37832e+06 1.09719e+06 612042 818897
 1.01515e+07 2.45989e+07 2.89397e+07 1.88725e+07 2.21995e+07 3.3742e+07 3.33322e+07 2.91159e+07 2.65089e+07 2.98356e+07 3.18534e+07 3.22429e+07 4.27412e+07 7.30027e+07 7.48886e+07 5.65474e+07 4.445e+07 2.74848e+07 2.11777e+07 1.45412e+07 9.78382e+06 4.97105e+06 1.69167e+06 1.34043e+06 482835
 4.63905e+06 1.20881e+07 1.98871e+07 2.00004e+07 1.79771e+07 2.48932e+07 3.53017e+07 3.18967e+07 3.14976e+07 3.41936e+07 4.2048e+07 2.98167e+07 3.02207e+07 4.80429e+07 5.64015e+07 5.46387e+07 4.52211e+07 3.11953e+07 2.05875e+07 1.19189e+07 7.92452e+06 3.91848e+06 1.57419e+06 817901 666059
 1.05396e+07 1.99974e+07 3.54639e+07 6.835e+07 7.62391e+07 6.69978e+07 8.08476e+07 9.86747e+07 1.34797e+08 1.42251e+08 1.42047e+08 1.23737e+08 1.05126e+08 1.10248e+08 9.08638e+07 8.14338e+07 8.65871e+07 7.84114e+07 5.56051e+07 3.13011e+07 1.83354e+07 9.70914e+06 4.72149e+06 2.31796e+06 368644
 2.62623e+07 5.02543e+07 6.61701e+07 4.67576e+07 4.35379e+07 4.51713e+07 5.31351e+07 7.35583e+07 9.04937e+07 1.07131e+08 1.14599e+08 1.26984e+08 1.35025e+08 1.41095e+08 8.59339e+07 4.94386e+07 4.381e+07 4.84135e+07 5.15188e+07 3.95692e+07 2.39084e+07 1.16513e+07 4.39487e+06 2.0051e+06 1.11077e+06
# srv_age_sizes
 14 24 32 39 43 48 51 54 57 59 60 61
 9 12 15 18 21 24 27 30 33 36 39 42 45 50 55 60 65 70 75 80 85 90 95 100 105
 10 16 18 20 22 24 26 28 30 32 34 36 38 40 43 46 49 52 55 58 61 64 67 70 75
# age_trans_matrix
 0.9994 0.0006 0 0 0 0 0 0 0 0 0 0
 0.0224 0.8675 0.1096 0.0005 0 0 0 0 0 0 0 0
 0.0003 0.1435 0.6321 0.1893 0.0333 0.0013 0.0001 0 0 0 0 0
 0 0.0007 0.1306 0.5199 0.303 0.0396 0.0057 0.0005 0 0 0 0
 0 0 0.0135 0.2425 0.3999 0.2304 0.0883 0.0212 0.0032 0.0007 0.0003 0.0001
 0 0 0.0024 0.0692 0.1946 0.2897 0.2282 0.1257 0.0484 0.021 0.013 0.0078
 0 0 0.0006 0.0195 0.0699 0.1734 0.2077 0.189 0.1308 0.0879 0.0688 0.0523
 0 0 0.0002 0.0077 0.0321 0.1052 0.1555 0.1806 0.1648 0.1356 0.1181 0.1002
 0 0 0.0001 0.003 0.0147 0.0621 0.1098 0.1555 0.1764 0.1698 0.1605 0.1481
 0 0 0 0.0012 0.0075 0.0423 0.0871 0.1413 0.1805 0.1861 0.1816 0.1725
 0 0 0 0.0006 0.0042 0.0283 0.0655 0.1205 0.1758 0.1988 0.2035 0.203
 0 0 0 0.0009 0.0054 0.0307 0.0668 0.1185 0.1718 0.1967 0.2034 0.2057
 0.321 0.337 0.241 0.085 0.014 0.001 0 0 0 0 0 0 0 0 0 0 0 0 0 0 0 0 0 0 0
 0 0.002 0.011 0.048 0.135 0.24 0.267 0.187 0.082 0.023 0.004 0 0 0 0 0 0 0 0 0 0 0 0 0 0
 0 0 0 0 0.001 0.005 0.021 0.064 0.138 0.212 0.231 0.179 0.128 0.02 0.001 0 0 0 0 0 0 0 0 0 0
 0 0 0 0 0 0 0 0.001 0.006 0.02 0.053 0.109 0.308 0.31 0.152 0.036 0.004 0 0 0 0 0 0 0 0
 0 0 0 0 0 0 0 0 0 0.001 0.003 0.01 0.065 0.191 0.304 0.264 0.125 0.033 0.005 0 0 0 0 0 0
 0 0 0 0 0 0 0 0 0 0 0 0.001 0.007 0.038 0.126 0.247 0.286 0.195 0.079 0.019 0.003 0 0 0 0
 0 0 0 0 0 0 0 0 0 0 0 0 0.001 0.006 0.03 0.101 0.21 0.274 0.222 0.113 0.036 0.007 0.001 0 0
 0 0 0 0 0 0 0 0 0 0 0 0 0 0.001 0.006 0.03 0.096 0.196 0.261 0.225 0.126 0.046 0.011 0.002 0
 0 0 0 0 0 0 0 0 0 0 0 0 0 0 0.001 0.009 0.037 0.104 0.198 0.252 0.215 0.123 0.047 0.012 0.002
 0 0 0 0 0 0 0 0 0 0 0 0 0 0 0 0.003 0.014 0.05 0.124 0.21 0.245 0.195 0.107 0.04 0.013
 0 0 0 0 0 0 0 0 0 0 0 0 0 0 0 0.001 0.006 0.024 0.072 0.152 0.224 0.232 0.167 0.085 0.039
 0 0 0 0 0 0 0 0 0 0 0 0 0 0 0 0.001 0.003 0.011 0.031 0.067 0.119 0.168 0.189 0.17 0.241
 0.999912 8.84e-05 0 0 0 0 0 0 0 0 0 0 0 0 0 0 0 0 0 0 0 0 0 0 0
 0.00250522 0.534287 0.399923 0.0617398 0.0015388 5.68e-06 2.91e-09 1.97e-13 0 0 0 0 0 0 0 0 0 0 0 0 0 0 0 0 0
 7.36e-08 0.000825826 0.0165457 0.120766 0.331135 0.35422 0.150042 0.0248638 0.00156491 3.62e-05 3.01e-07 8.77e-10 8.96e-13 0 0 0 0 0 0 0 0 0 0 0 0
 4.36e-11 8.27e-07 3.67e-05 0.000812507 0.00905642 0.0524002 0.163307 0.283684 0.279435 0.155133 0.0475443 0.0078664 0.000690862 3.23e-05 2.74e-07 2.3e-10 4.39e-14 0 0 0 0 0 0 0 0
 3.07e-13 4.26e-09 2.16e-07 6.55e-06 0.000118811 0.00129624 0.00869544 0.0368967 0.102569 0.192887 0.24891 0.218476 0.127657 0.0535356 0.00858831 0.00035841 5.47e-06 3.01e-08 5.92e-11 4.14e-14 0 0 0 0 0
 1.12e-14 9.42e-11 4.42e-09 1.4e-07 2.91e-06 4.07e-05 0.000381616 0.00244041 0.0108507 0.0345473 0.0815629 0.146875 0.203231 0.260235 0.192724 0.0581243 0.0083932 0.00057203 1.82e-05 2.7e-07 1.9e-09 0 0 0 0
 1.19e-15 6.13e-12 2.49e-10 7.33e-09 1.54e-07 2.31e-06 2.49e-05 0.000194666 0.00110771 0.00466762 0.0149107 0.0372915 0.0755131 0.166204 0.279279 0.249389 0.128161 0.036858 0.00585859 0.00051173 2.5e-05 1.87e-11 3.5e-14 0 0
 2.71e-16 8.74e-13 3e-11 7.92e-10 1.57e-08 2.35e-07 2.64e-06 2.25e-05 0.00014589 0.000722513 0.00277074 0.00839032 0.0206444 0.0585443 0.146929 0.235169 0.253626 0.17496 0.0750419 0.019781 0.00324965 8.52e-08 8.21e-10 4.23e-12 0
 1.09e-16 2.21e-13 6.48e-12 1.52e-10 2.77e-09 3.97e-08 4.42e-07 3.87e-06 2.66e-05 0.00014379 0.000616765 0.00211928 0.00593275 0.0195006 0.0593943 0.125971 0.204755 0.241186 0.195437 0.106052 0.038845 1.47e-05 4.34e-07 7.5e-09 1.42e-11
 5.82e-17 9.02e-14 2.27e-12 4.71e-11 7.89e-10 1.06e-08 1.14e-07 9.86e-07 6.91e-06 3.9e-05 0.000178483 0.000665363 0.00204013 0.00747109 0.0256685 0.0620548 0.122843 0.196509 0.238902 0.210159 0.133033 0.000401548 2.61e-05 1.08e-06 7.07e-09
 6.86e-17 5.58e-14 1.22e-12 2.26e-11 3.45e-10 4.32e-09 4.44e-08 3.73e-07 2.6e-06 1.49e-05 7.02e-05 0.000274962 0.000896336 0.00355875 0.0134367 0.0351714 0.0756843 0.140531 0.217738 0.264062 0.24422 0.0038537 0.000448222 3.51e-05 5.77e-07
 8.84e-17 4.8e-14 9.21e-13 1.54e-11 2.14e-10 2.49e-09 2.42e-08 1.97e-07 1.34e-06 7.63e-06 3.65e-05 0.000146448 0.000495971 0.0020845 0.0084852 0.0237158 0.0532551 0.10463 0.183557 0.272643 0.327223 0.0197075 0.00354142 0.000454477 1.5e-05
 1.16e-16 5.07e-14 8.66e-13 1.31e-11 1.67e-10 1.81e-09 1.66e-08 1.3e-07 8.53e-07 4.8e-06 2.29e-05 9.26e-05 0.000320283 0.00139735 0.00601854 0.0178067 0.041414 0.0827909 0.152128 0.25308 0.360409 0.0649763 0.0162943 0.00306862 0.000174036
 1.45e-16 5.82e-14 8.93e-13 1.23e-11 1.45e-10 1.47e-09 1.27e-08 9.49e-08 6.03e-07 3.31e-06 1.56e-05 6.3e-05 0.000219607 0.000979211 0.00438806 0.0136002 0.032738 0.0660531 0.122042 0.213153 0.335524 0.149233 0.0485173 0.0123859 0.00108438
 1.61e-16 6.71e-14 9.3e-13 1.17e-11 1.29e-10 1.22e-09 9.98e-09 7.08e-08 4.35e-07 2.32e-06 1.07e-05 4.3e-05 0.000149742 0.000674638 0.00310003 0.00995298 0.0247321 0.0504854 0.0925031 0.162799 0.267757 0.250924 0.100146 0.0326485 0.00406996
 3.23e-16 7.59e-14 9.59e-13 1.12e-11 1.14e-10 1.02e-09 7.87e-09 5.33e-08 3.15e-07 1.63e-06 7.37e-06 2.91e-05 0.000100803 0.00045477 0.0021194 0.00697473 0.0178018 0.0368673 0.0669923 0.116373 0.191698 0.332021 0.15611 0.0620784 0.01037
 3.04e-16 8.65e-14 1e-12 1.09e-11 1.04e-10 8.67e-10 6.38e-09 4.13e-08 2.35e-07 1.17e-06 5.21e-06 2.01e-05 6.89e-05 0.000309476 0.00144976 0.00484643 0.0126287 0.0265464 0.048046 0.0818422 0.131223 0.376335 0.201966 0.0945217 0.0201894
 4.2e-16 1.01e-13 1.08e-12 1.09e-11 9.83e-11 7.76e-10 5.43e-09 3.36e-08 1.84e-07 8.92e-07 3.84e-06 1.46e-05 4.92e-05 0.000218751 0.00102309 0.00344852 0.00911883 0.0194256 0.0351573 0.0587855 0.0902689 0.390873 0.233607 0.125082 0.032922
 6.44e-16 1.23e-13 1.22e-12 1.16e-11 9.78e-11 7.34e-10 4.9e-09 2.9e-08 1.53e-07 7.18e-07 3.01e-06 1.12e-05 3.71e-05 0.00016277 0.000756072 0.00255393 0.00681592 0.0146753 0.0266206 0.0438587 0.0640812 0.38786 0.253191 0.151632 0.0477403
 9.55e-16 1.56e-13 1.44e-12 1.29e-11 1.03e-10 7.37e-10 4.67e-09 2.66e-08 1.35e-07 6.16e-07 2.49e-06 9.07e-06 2.96e-05 0.000127693 0.00058676 0.00197691 0.00530008 0.0114985 0.020921 0.0340988 0.0474046 0.376261 0.264163 0.173749 0.0638712
 1.45e-15 2.05e-13 1.76e-12 1.49e-11 1.13e-10 7.67e-10 4.67e-09 2.56e-08 1.25e-07 5.51e-07 2.18e-06 7.77e-06 2.48e-05 0.000105218 0.000476929 0.00159667 0.00428282 0.00933392 0.0170287 0.0275442 0.0365702 0.361236 0.269393 0.191733 0.0806635
# n_eit
20
# yrs_eit
 1979 1982 1985 1988 1991 1994 1996 1997 1999 2000 2002 2004 2006 2007 2008 2009 2010 2012 2014 2016
# obs_eit
 7460 4900 4800 4680 1450 2886.23 2310.73 2592.18 3285.08 3048.7 3621.82 3306.94 1560.13 1769.02 996.939 923.843 2322.64 1842.79 3501.94 4828.89
# eit_age_n
 3 14 22 7 19 23 17 26 36 38 38 42 31 31 30 25 25 25 25 25
# obs_eit_age
 69110 41132 3884 413 534 128 30 4 28 59 69 29
 108 3401 4108 7637 1790 283 141 178 90 55 122 0
 2076 929 8149 898 2186 1510 1127 130 21 7 8 0
 10.8547 1112 3586 3864 739 1882 403 151 129.529 254.519 159 0
 639.268 5942.33 967.026 214.548 224.129 133.045 119.732 38.6853 37.037 14.6672 16.0387 5.27501
 452.855 3905.61 1127.23 1670.3 1908.49 293.253 69.3289 66.7717 30.0946 21.0614 6.39041 13.0099
 972.336 446.397 520.371 2686.48 820.736 509.295 434.354 84.8689 16.7228 6.27494 5.69889 12.1451
 12383.8 2742.75 385.329 490.91 1918.11 384.006 205.286 142.672 32.7358 3.88848 4.94553 2.01023
 111.866 1587.61 3596.96 1683.59 582.566 273.946 1169.06 400.235 104.644 66.8737 14.4645 6.47155
 257.922 1272.33 1184.94 2480.02 899.714 243.889 233.993 725.124 190.428 84.694 35.6259 18.0776
 561.314 4187.55 3841.04 1295.26 685.346 593.335 287.573 99.9915 131.714 237.878 117.876 48.1013
 15.7537 275.067 1188.8 2928.94 1444.34 417.027 202.494 192.769 67.998 34.6993 24.5999 19.8102
 455.565 208.613 281.973 610.074 695.296 551.78 319.701 110.072 52.9891 40.3261 23.3214 16.2302
 5588.54 1026.21 319.706 430.071 669.189 588.829 305.669 166.211 60.1981 18.7774 20.1778 5.73362
 36.4815 2905.29 1031.61 144.388 106.867 170.176 132.378 70.6907 58.2177 14.9678 15.1485 6.92864
 5127.67 797.398 1674.35 198.932 31.0567 33.9088 50.5133 37.5163 20.7939 15.822 5.54575 2.15949
 2525.54 6395.2 973.476 2183.45 383.646 46.2969 6.22029 7.40018 6.78916 6.47934 5.99032 2.60866
 66.8744 1963.09 1640.62 2444.13 202.639 246.072 63.6293 13.0807 8.33132 6.46025 6.56732 1.96544
 4438.33 8614.89 941.275 1100.65 892.337 974.633 316.923 66.8927 21.4737 5.82763 2.74714 1.80665
 218.203 1100.99 4419.47 4091.89 1038.9 370.184 395.376 429.986 83.0905 37.7113 16.2824 15.8165
# nyrs_eit_sel
39
# yrs_eit_sel
 1979 1980 1981 1982 1983 1984 1985 1986 1987 1988 1989 1990 1991 1992 1993 1994 1995 1996 1997 1998 1999 2000 2001 2002 2003 2004 2005 2006 2007 2008 2009 2010 2011 2012 2013 2014 2015 2016 2017
# eit_sel
 2.5 8.69775 1.55487 0.419083 0.420207 0.273247 0.244296 0.210363 0.210363 0.210363 0.210363 0.210363
 2 0.959069 1.15234 1.23029 1.25756 1.06752 1.07465 0.998395 0.998395 0.998395 0.998395 0.998395
 1.5 0.959069 1.15234 1.23029 1.25756 1.06752 1.07465 0.998395 0.998395 0.998395 0.998395 0.998395
 1 0.959069 1.15234 1.23029 1.25756 1.06752 1.07465 0.998395 0.998395 0.998395 0.998395 0.998395
 0.7 0.959069 1.15234 1.23029 1.25756 1.06752 1.07465 0.998395 0.998395 0.998395 0.998395 0.998395
 0.5 0.959069 1.15234 1.23029 1.25756 1.06752 1.07465 0.998395 0.998395 0.998395 0.998395 0.998395
 0.5 0.959069 1.15234 1.23029 1.25756 1.06752 1.07465 0.998395 0.998395 0.998395 0.998395 0.998395
 0.5 0.959069 1.15234 1.23029 1.25756 1.06752 1.07465 0.998395 0.998395 0.998395 0.998395 0.998395
 0.5 0.959069 1.15234 1.23029 1.25756 1.06752 1.07465 0.998395 0.998395 0.998395 0.998395 0.998395
 0.5 0.959069 1.15234 1.23029 1.25756 1.06752 1.07465 0.998395 0.998395 0.998395 0.998395 0.998395
 0.5 0.959069 1.15234 1.23029 1.25756 1.06752 1.07465 0.998395 0.998395 0.998395 0.998395 0.998395
 0.5 0.959069 1.15234 1.23029 1.25756 1.06752 1.07465 0.998395 0.998395 0.998395 0.998395 0.998395
 0.5 0.959069 1.15234 1.23029 1.25756 1.06752 1.07465 0.998395 0.998395 0.998395 0.998395 0.998395
 0.5 0.959069 1.15234 1.23029 1.25756 1.06752 1.07465 0.998395 0.998395 0.998395 0.998395 0.998395
 0.5 0.959069 1.15234 1.23029 1.25756 1.06752 1.07465 0.998395 0.998395 0.998395 0.998395 0.998395
 0.5 0.959069 1.15234 1.23029 1.25756 1.06752 1.07465 0.998395 0.998395 0.998395 0.998395 0.998395
 0.5 0.959069 1.15234 1.23029 1.25756 1.06752 1.07465 0.998395 0.998395 0.998395 0.998395 0.998395
 0.5 0.959069 1.15234 1.23029 1.25756 1.06752 1.07465 0.998395 0.998395 0.998395 0.998395 0.998395
 0.5 0.959069 1.15234 1.23029 1.25756 1.06752 1.07465 0.998395 0.998395 0.998395 0.998395 0.998395
 0.5 0.959069 1.15234 1.23029 1.25756 1.06752 1.07465 0.998395 0.998395 0.998395 0.998395 0.998395
 0.5 0.959069 1.15234 1.23029 1.25756 1.06752 1.07465 0.998395 0.998395 0.998395 0.998395 0.998395
 0.5 0.959069 1.15234 1.23029 1.25756 1.06752 1.07465 0.998395 0.998395 0.998395 0.998395 0.998395
 0.5 0.959069 1.15234 1.23029 1.25756 1.06752 1.07465 0.998395 0.998395 0.998395 0.998395 0.998395
 0.5 0.959069 1.15234 1.23029 1.25756 1.06752 1.07465 0.998395 0.998395 0.998395 0.998395 0.998395
 0.5 0.959069 1.15234 1.23029 1.25756 1.06752 1.07465 0.998395 0.998395 0.998395 0.998395 0.998395
 0.5 0.959069 1.15234 1.23029 1.25756 1.06752 1.07465 0.998395 0.998395 0.998395 0.998395 0.998395
 0.5 0.959069 1.15234 1.23029 1.25756 1.06752 1.07465 0.998395 0.998395 0.998395 0.998395 0.998395
 0.5 0.959069 1.15234 1.23029 1.25756 1.06752 1.07465 0.998395 0.998395 0.998395 0.998395 0.998395
 0.5 0.959069 1.15234 1.23029 1.25756 1.06752 1.07465 0.998395 0.998395 0.998395 0.998395 0.998395
 0.5 0.959069 1.15234 1.23029 1.25756 1.06752 1.07465 0.998395 0.998395 0.998395 0.998395 0.998395
 0.5 0.959069 1.15234 1.23029 1.25756 1.06752 1.07465 0.998395 0.998395 0.998395 0.998395 0.998395
 0.5 0.959069 1.15234 1.23029 1.25756 1.06752 1.07465 0.998395 0.998395 0.998395 0.998395 0.998395
 0.5 0.959069 1.15234 1.23029 1.25756 1.06752 1.07465 0.998395 0.998395 0.998395 0.998395 0.998395
 0.5 0.959069 1.15234 1.23029 1.25756 1.06752 1.07465 0.998395 0.998395 0.998395 0.998395 0.998395
 0.5 0.959069 1.15234 1.23029 1.25756 1.06752 1.07465 0.998395 0.998395 0.998395 0.998395 0.998395
 0.5 0.959069 1.15234 1.23029 1.25756 1.06752 1.07465 0.998395 0.998395 0.998395 0.998395 0.998395
 0.5 0.959069 1.15234 1.23029 1.25756 1.06752 1.07465 0.998395 0.998395 0.998395 0.998395 0.998395
 0.5 0.959069 1.15234 1.23029 1.25756 1.06752 1.07465 0.998395 0.998395 0.998395 0.998395 0.998395
 0.5 0.959069 1.15234 1.23029 1.25756 1.06752 1.07465 0.998395 0.998395 0.998395 0.998395 0.998395
# mf_type
 1 1 2
# propMorF
 0.5 0.5 0.5 0.5 0.5 0.5 0.5 0.5 0.5 0.5 0.5 0.5
 0.5 0.5 0.5 0.5 0.5 0.5 0.5 0.5 0.5 0.5 0.5 0.5
 0.5 0.46257 0.42556 0.38936 0.35434 0.32082 0.28905 0.25923 0.23148 0.20587 0.18243 0.16111 0.14185 0.12455 0.1091 0.09535 0.08317 0.07243 0.06297 0.05468 0.04743
 0.5 0.53743 0.57444 0.61064 0.64566 0.67918 0.71095 0.74077 0.76852 0.79413 0.81757 0.83889 0.85815 0.87545 0.8909 0.90465 0.91683 0.92757 0.93703 0.94532 0.95257
# t0
 0.52663
 -0.15671
 -0.9999 -0.2749
# log_mean_d
 -0.81658
 -0.37477
 -0.21296 -0.34043
# logK
 -1.4982
 -0.79597
 0.080854 -0.97405
# logH
 2.7935
 2.2302
 1.6461 1.7837
# Tcoef
 0.0096583
 0.0045244
 -0.0057238 -0.011493
# Pcoef
 0
 0
 0 0
# sel_phase
 0 1342177280 723910914
# fsh_age_obs
 0 0 0 0 0 0 0 0 0 0 0 0
 0 0 0 0 0 0 0 0 0 0 0 0
 0 0 0 0 0 0 0 0 0 0 0 0
 0 0 0 0 0 0 0 0 0 0 0 0
 0 0 0 0 0 0 0 0 0 0 0 0
 0 0 0 0 0 0 0 0 0 0 0 0
 0 0 0 0 0 0 0 0 0 0 0 0
 0 0 0 0 0 0 0 0 0 0 0 0
 0 0 0 0 0 0 0 0 0 0 0 0
 0 0 0 0 0 0 0 0 0 0 0 0
 0 0 0 0 0 0 0 0 0 0 0 0
 0 0 0 0 0 0 0 0 0 0 0 0
 0 0 0 0 0 0 0 0 0 0 0 0
 0 0 0 0 0 0 0 0 0 0 0 0
 0 0 0 0 0 0 0 0 0 0 0 0
 0 0 0 0 0 0 0 0 0 0 0 0
 0 0 0 0 0 0 0 0 0 0 0 0
 0 0 0 0 0 0 0 0 0 0 0 0
 0 0 0 0 0 0 0 0 0 0 0 0
 0 0 0 0 0 0 0 0 0 0 0 0
 0 0 0 0 0 0 0 0 0 0 0 0
 0 0 0 0 0 0 0 0 0 0 0 0
 0 0 0 0 0 0 0 0 0 0 0 0
 0 0 0 0 0 0 0 0 0 0 0 0
 0 0 0 0 0 0 0 0 0 0 0 0
 0 0 0 0 0 0 0 0 0 0 0 0
 0 0 0 0 0 0 0 0 0 0 0 0
 0 0 0 0 0 0 0 0 0 0 0 0
 0 0 0 0 0 0 0 0 0 0 0 0
 0 0 0 0 0 0 0 0 0 0 0 0
 0 0 0 0 0 0 0 0 0 0 0 0
 0 0 0 0 0 0 0 0 0 0 0 0
 0 0 0 0 0 0 0 0 0 0 0 0
 0 0 0 0 0 0 0 0 0 0 0 0
 0 0 0 0 0 0 0 0 0 0 0 0
 0 0 0 0 0 0 0 0 0 0 0 0
 0 0 0 0 0 0 0 0 0 0 0 0
 0 0 0 0 0 0 0 0 0 0 0 0
 0 0 0 0 0 0 0 0 0 0 0 0 0 0 0 0 0 0 0 0 0 0 0 0 0
 0 0 0 0 0 0 0 0 0 0 0 0 0 0 0 0 0 0 0 0 0 0 0 0 0
 0 0 0 0 0 0 0 0 0 0 0 0 0 0 0 0 0 0 0 0 0 0 0 0 0
 0 0 0 0 0 0 0 0 0 0 0 0 0 0 0 0 0 0 0 0 0 0 0 0 0
 0 0 0 0 0 0 0 0 0 0 0 0 0 0 0 0 0 0 0 0 0 0 0 0 0
 0 0 0 0 0 0 0 0 0 0 0 0 0 0 0 0 0 0 0 0 0 0 0 0 0
 0 0 0 0 0 0 0 0 0 0 0 0 0 0 0 0 0 0 0 0 0 0 0 0 0
 0 0 0 0 0 0 0 0 0 0 0 0 0 0 0 0 0 0 0 0 0 0 0 0 0
 0 0 0 0 0 0 0 0 0 0 0 0 0 0 0 0 0 0 0 0 0 0 0 0 0
 0 0 0 0 0 0 0 0 0 0 0 0 0 0 0 0 0 0 0 0 0 0 0 0 0
 0 0 0 0 0 0 0 0 0 0 0 0 0 0 0 0 0 0 0 0 0 0 0 0 0
 0 0 0 0 0 0 0 0 0 0 0 0 0 0 0 0 0 0 0 0 0 0 0 0 0
 0 0 0 0 0 0 0 0 0 0 0 0 0 0 0 0 0 0 0 0 0 0 0 0 0
 0 0 0 0 0 0 0 0 0 0 0 0 0 0 0 0 0 0 0 0 0 0 0 0 0
 0 0 0 0 0 0 0 0 0 0 0 0 0 0 0 0 0 0 0 0 0 0 0 0 0
 0 0 0 0 0 0 0 0 0 0 0 0 0 0 0 0 0 0 0 0 0 0 0 0 0
 0 0 0 0 0 0 0 0 0 0 0 0 0 0 0 0 0 0 0 0 0 0 0 0 0
 0 0 0 0 0 0 0 0 0 0 0 0 0 0 0 0 0 0 0 0 0 0 0 0 0
 0 0 0 0 0 0 0 0 0 0 0 0 0 0 0 0 0 0 0 0 0 0 0 0 0
 0 0 0 0 0 0 0 0 0 0 0 0 0 0 0 0 0 0 0 0 0 0 0 0 0
 0 0 0 0 0 0 0 0 0 0 0 0 0 0 0 0 0 0 0 0 0 0 0 0 0
 0 0 0 0 0 0 0 0 0 0 0 0 0 0 0 0 0 0 0 0 0 0 0 0 0
 0 0 0 0 0 0 0 0 0 0 0 0 0 0 0 0 0 0 0 0 0 0 0 0 0
 0 0 0 0 0 0 0 0 0 0 0 0 0 0 0 0 0 0 0 0 0 0 0 0 0
 0 0 0 0 0 0 0 0 0 0 0 0 0 0 0 0 0 0 0 0 0 0 0 0 0
 0 0 0 0 0 0 0 0 0 0 0 0 0 0 0 0 0 0 0 0 0 0 0 0 0
 0 0 0 0 0 0 0 0 0 0 0 0 0 0 0 0 0 0 0 0 0 0 0 0 0
 0 0 0 0 0 0 0 0 0 0 0 0 0 0 0 0 0 0 0 0 0 0 0 0 0
 0 0 0 0 0 0 0 0 0 0 0 0 0 0 0 0 0 0 0 0 0 0 0 0 0
 0 0 0 0 0 0 0 0 0 0 0 0 0 0 0 0 0 0 0 0 0 0 0 0 0
 0 0 0 0 0 0 0 0 0 0 0 0 0 0 0 0 0 0 0 0 0 0 0 0 0
 0 0 0 0 0 0 0 0 0 0 0 0 0 0 0 0 0 0 0 0 0 0 0 0 0
 0 0 0 0 0 0 0 0 0 0 0 0 0 0 0 0 0 0 0 0 0 0 0 0 0
 0 0 0 0 0 0 0 0 0 0 0 0 0 0 0 0 0 0 0 0 0 0 0 0 0
 0 0 0 0 0 0 0 0 0 0 0 0 0 0 0 0 0 0 0 0 0 0 0 0 0
 0 0 0 0 0 0 0 0 0 0 0 0 0 0 0 0 0 0 0 0 0 0 0 0 0
 0 0 0 0 0 0 0 0 0 0 0 0 0 0 0 0 0 0 0 0 0 0 0 0 0
 0 0 0 0 0 0 0 0 0 0 0 0 0 0 0 0 0 0 0 0 0 0 0 0 0
 0 0 0 0 0 0 0 0 0 0 0 0 0 0 0 0 0 0 0 0 0 0 0 0 0
 0 0 0 0 0 0 0 0 0 0 0 0 0 0 0 0 0 0 0 0 0 0 0 0 0
 0 0 0 0 0 0 0 0 0 0 0 0 0 0 0 0 0 0 0 0 0 0 0 0 0
 0 0 0 0 0 0 0 0 0 0 0 0 0 0 0 0 0 0 0 0 0 0 0 0 0
 0 0 0 0 0 0 0 0 0 0 0 0 0 0 0 0 0 0 0 0 0 0 0 0 0
 0 0 0 0 0 0 0 0 0 0 0 0 0 0 0 0 0 0 0 0 0 0 0 0 0
 0 0 0 0 0 0 0 0 0 0 0 0 0 0 0 0 0 0 0 0 0 0 0 0 0
 0 0 0 0 0 0 0 0 0 0 0 0 0 0 0 0 0 0 0 0 0 0 0 0 0
 0 0 0 0 0 0 0 0 0 0 0 0 0 0 0 0 0 0 0 0 0 0 0 0 0
 0 0 0 0 0 0 0 0 0 0 0 0 0 0 0 0 0 0 0 0 0 0 0 0 0
 0 0 0 0 0 0 0 0 0 0 0 0 0 0 0 0 0 0 0 0 0 0 0 0 0
 0 0 0 0 0 0 0 0 0 0 0 0 0 0 0 0 0 0 0 0 0 0 0 0 0
 0 0 0 0 0 0 0 0 0 0 0 0 0 0 0 0 0 0 0 0 0 0 0 0 0
 0 0 0 0 0 0 0 0 0 0 0 0 0 0 0 0 0 0 0 0 0 0 0 0 0
 0 0 0 0 0 0 0 0 0 0 0 0 0 0 0 0 0 0 0 0 0 0 0 0 0
 0 0 0 0 0 0 0 0 0 0 0 0 0 0 0 0 0 0 0 0 0 0 0 0 0
 0 0 0 0 0 0 0 0 0 0 0 0 0 0 0 0 0 0 0 0 0 0 0 0 0
 0 0 0 0 0 0 0 0 0 0 0 0 0 0 0 0 0 0 0 0 0 0 0 0 0
 0 0 0 0 0 0 0 0 0 0 0 0 0 0 0 0 0 0 0 0 0 0 0 0 0
 0 0 0 0 0 0 0 0 0 0 0 0 0 0 0 0 0 0 0 0 0 0 0 0 0
 0 0 0 0 0 0 0 0 0 0 0 0 0 0 0 0 0 0 0 0 0 0 0 0 0
 0 0 0 0 0 0 0 0 0 0 0 0 0 0 0 0 0 0 0 0 0 0 0 0 0
 0 0 0 0 0 0 0 0 0 0 0 0 0 0 0 0 0 0 0 0 0 0 0 0 0
 0 0 0 0 0 0 0 0 0 0 0 0 0 0 0 0 0 0 0 0 0 0 0 0 0
 0 0 0 0 0 0 0 0 0 0 0 0 0 0 0 0 0 0 0 0 0 0 0 0 0
 0 0 0 0 0 0 0 0 0 0 0 0 0 0 0 0 0 0 0 0 0 0 0 0 0
 0 0 0 0 0 0 0 0 0 0 0 0 0 0 0 0 0 0 0 0 0 0 0 0 0
 0 0 0 0 0 0 0 0 0 0 0 0 0 0 0 0 0 0 0 0 0 0 0 0 0
 0 0 0 0 0 0 0 0 0 0 0 0 0 0 0 0 0 0 0 0 0 0 0 0 0
 0 0 0 0 0 0 0 0 0 0 0 0 0 0 0 0 0 0 0 0 0 0 0 0 0
 0 0 0 0 0 0 0 0 0 0 0 0 0 0 0 0 0 0 0 0 0 0 0 0 0
 0 0 0 0 0 0 0 0 0 0 0 0 0 0 0 0 0 0 0 0 0 0 0 0 0
 0 0 0 0 0 0 0 0 0 0 0 0 0 0 0 0 0 0 0 0 0 0 0 0 0
 0 0 0 0 0 0 0 0 0 0 0 0 0 0 0 0 0 0 0 0 0 0 0 0 0
 0 0 0 0 0 0 0 0 0 0 0 0 0 0 0 0 0 0 0 0 0 0 0 0 0
 0 0 0 0 0 0 0 0 0 0 0 0 0 0 0 0 0 0 0 0 0 0 0 0 0
# tc_obs
 0 0 0 0 0 0 0 0 0 0 0 0 0 0 0 0 0 0 0 0 0 0 0 0 0 0 0 0 0 0 0 0 0 0 0 0 0 0
 0 0 0 0 0 0 0 0 0 0 0 0 0 0 0 0 0 0 0 0 0 0 0 0 0 0 0 0 0 0 0 0 0 0 0 0 0 0 0
 0 0 0 0 0 0 0 0 0 0 0 0 0 0 0 0 0 0 0 0 0 0 0 0 0 0 0 0 0 0 0 0 0 0 0
# curv_pen_fsh
 12.5 12.5 12.5
# curv_pen_srv
 12.5 12.5 12.5
# tau
200
# offset_fsh
 13887.9 18478.1 18903.6
# srv_biom_lse
 0.125378 0.084146 0.101919 0.0701689 0.0986271 0.11072 0.103793 0.0921196 0.130941 0.124394 0.113057 0.0886558 0.104552 0.18796 0.0884623 0.118267 0.109253 0.117651 0.112332 0.0808619 0.090577 0.238807 0.0922681 0.0925451 0.0929887 0.10284 0.113927 0.12093 0.114467 0.0906783 0.0983175 0.0799105 0.0651968 0.0628635 0.0912599 0.0745884
 0.0674768 0.0955726 0.0579342 0.0547341 0.0584971 0.0600601 0.0792585 0.0722845 0.0723193 0.0722289 0.0827622 0.0792877 0.178487 0.090696 0.0961042 0.10876 0.0780155 0.0912581 0.0801816 0.0884848 0.106472 0.0994921 0.0584781 0.0679749 0.0532027 0.0777872 0.0650707 0.0813863 0.117154 0.0733517 0.11175 0.091231 0.13933 0.135515 0.0783583 0.0774918
 0.108566 0.0922898 0.142979 0.0898226 0.101791 0.0713192 0.117693 0.104114 0.0898282 0.126199 0.139303 0.0946523 0.097641 0.144651 0.104884 0.127841 0.113332 0.256109 0.168403 0.0931541 0.0943419 0.0864315 0.0736977 0.0713521 0.0764769 0.0778908 0.086531 0.0992032 0.0832324 0.0768455 0.106785 0.088662 0.0691909 0.0615385 0.0484451 0.0653916
# offset_srv
 7531.93 10097.2 10583.9
# offset_eit
798.419
# of_stomKir
 1.43319e-08 1.43319e-08 1.43319e-08 1.43319e-08 1.43319e-08 1.43319e-08 1.43319e-08 1.43319e-08 1.43319e-08 1.43319e-08 1.43319e-08 1.43319e-08 1.43319e-08 1.43319e-08 1.43319e-08 1.43319e-08 1.43319e-08 1.43319e-08 1.43319e-08 1.43319e-08 1.43319e-08 1.43319e-08 1.43319e-08 1.43319e-08 1.43319e-08 1.43319e-08 1.43319e-08 1.43319e-08 1.43319e-08 1.43319e-08 1.43319e-08 1.43319e-08 1.43319e-08 1.43319e-08 1.43319e-08 1.43319e-08 1.43319e-08 1.43319e-08 1.43319e-08
 1.39974e-08 1.39974e-08 1.39974e-08 1.39974e-08 1.39974e-08 1.39974e-08 1.39974e-08 1.39974e-08 1.39974e-08 1.39974e-08 1.39974e-08 1.39974e-08 1.39974e-08 1.39974e-08 1.39974e-08 1.39974e-08 1.39974e-08 1.39974e-08 1.39974e-08 1.39974e-08 1.39974e-08 1.39974e-08 1.39974e-08 1.39974e-08 1.39974e-08 1.39974e-08 1.39974e-08 1.39974e-08 1.39974e-08 1.39974e-08 1.39974e-08 1.39974e-08 1.39974e-08 1.39974e-08 1.39974e-08 1.39974e-08 1.39974e-08 1.39974e-08 1.39974e-08
 1.4136e-08 1.4136e-08 1.4136e-08 1.4136e-08 1.4136e-08 1.4136e-08 1.4136e-08 1.4136e-08 1.4136e-08 1.4136e-08 1.4136e-08 1.4136e-08 1.4136e-08 1.4136e-08 1.4136e-08 1.4136e-08 1.4136e-08 1.4136e-08 1.4136e-08 1.4136e-08 1.4136e-08 1.4136e-08 1.4136e-08 1.4136e-08 1.4136e-08 1.4136e-08 1.4136e-08 1.4136e-08 1.4136e-08 1.4136e-08 1.4136e-08 1.4136e-08 1.4136e-08 1.4136e-08 1.4136e-08 1.4136e-08 1.4136e-08 1.4136e-08 1.4136e-08
 1.39957e-08 1.39957e-08 1.39957e-08 1.39957e-08 1.39957e-08 1.39957e-08 1.39957e-08 1.39957e-08 1.39957e-08 1.39957e-08 1.39957e-08 1.39957e-08 1.39957e-08 1.39957e-08 1.39957e-08 1.39957e-08 1.39957e-08 1.39957e-08 1.39957e-08 1.39957e-08 1.39957e-08 1.39957e-08 1.39957e-08 1.39957e-08 1.39957e-08 1.39957e-08 1.39957e-08 1.39957e-08 1.39957e-08 1.39957e-08 1.39957e-08 1.39957e-08 1.39957e-08 1.39957e-08 1.39957e-08 1.39957e-08 1.39957e-08 1.39957e-08 1.39957e-08
 1.36678e-08 1.36678e-08 1.36678e-08 1.36678e-08 1.36678e-08 1.36678e-08 1.36678e-08 1.36678e-08 1.36678e-08 1.36678e-08 1.36678e-08 1.36678e-08 1.36678e-08 1.36678e-08 1.36678e-08 1.36678e-08 1.36678e-08 1.36678e-08 1.36678e-08 1.36678e-08 1.36678e-08 1.36678e-08 1.36678e-08 1.36678e-08 1.36678e-08 1.36678e-08 1.36678e-08 1.36678e-08 1.36678e-08 1.36678e-08 1.36678e-08 1.36678e-08 1.36678e-08 1.36678e-08 1.36678e-08 1.36678e-08 1.36678e-08 1.36678e-08 1.36678e-08
 1.33253e-08 1.33253e-08 1.33253e-08 1.33253e-08 1.33253e-08 1.33253e-08 1.33253e-08 1.33253e-08 1.33253e-08 1.33253e-08 1.33253e-08 1.33253e-08 1.33253e-08 1.33253e-08 1.33253e-08 1.33253e-08 1.33253e-08 1.33253e-08 1.33253e-08 1.33253e-08 1.33253e-08 1.33253e-08 1.33253e-08 1.33253e-08 1.33253e-08 1.33253e-08 1.33253e-08 1.33253e-08 1.33253e-08 1.33253e-08 1.33253e-08 1.33253e-08 1.33253e-08 1.33253e-08 1.33253e-08 1.33253e-08 1.33253e-08 1.33253e-08 1.33253e-08
 1.30091e-08 1.30091e-08 1.30091e-08 1.30091e-08 1.30091e-08 1.30091e-08 1.30091e-08 1.30091e-08 1.30091e-08 1.30091e-08 1.30091e-08 1.30091e-08 1.30091e-08 1.30091e-08 1.30091e-08 1.30091e-08 1.30091e-08 1.30091e-08 1.30091e-08 1.30091e-08 1.30091e-08 1.30091e-08 1.30091e-08 1.30091e-08 1.30091e-08 1.30091e-08 1.30091e-08 1.30091e-08 1.30091e-08 1.30091e-08 1.30091e-08 1.30091e-08 1.30091e-08 1.30091e-08 1.30091e-08 1.30091e-08 1.30091e-08 1.30091e-08 1.30091e-08
 1.27408e-08 1.27408e-08 1.27408e-08 1.27408e-08 1.27408e-08 1.27408e-08 1.27408e-08 1.27408e-08 1.27408e-08 1.27408e-08 1.27408e-08 1.27408e-08 1.27408e-08 1.27408e-08 1.27408e-08 1.27408e-08 1.27408e-08 1.27408e-08 1.27408e-08 1.27408e-08 1.27408e-08 1.27408e-08 1.27408e-08 1.27408e-08 1.27408e-08 1.27408e-08 1.27408e-08 1.27408e-08 1.27408e-08 1.27408e-08 1.27408e-08 1.27408e-08 1.27408e-08 1.27408e-08 1.27408e-08 1.27408e-08 1.27408e-08 1.27408e-08 1.27408e-08
 1.25275e-08 1.25275e-08 1.25275e-08 1.25275e-08 1.25275e-08 1.25275e-08 1.25275e-08 1.25275e-08 1.25275e-08 1.25275e-08 1.25275e-08 1.25275e-08 1.25275e-08 1.25275e-08 1.25275e-08 1.25275e-08 1.25275e-08 1.25275e-08 1.25275e-08 1.25275e-08 1.25275e-08 1.25275e-08 1.25275e-08 1.25275e-08 1.25275e-08 1.25275e-08 1.25275e-08 1.25275e-08 1.25275e-08 1.25275e-08 1.25275e-08 1.25275e-08 1.25275e-08 1.25275e-08 1.25275e-08 1.25275e-08 1.25275e-08 1.25275e-08 1.25275e-08
 1.2415e-08 1.2415e-08 1.2415e-08 1.2415e-08 1.2415e-08 1.2415e-08 1.2415e-08 1.2415e-08 1.2415e-08 1.2415e-08 1.2415e-08 1.2415e-08 1.2415e-08 1.2415e-08 1.2415e-08 1.2415e-08 1.2415e-08 1.2415e-08 1.2415e-08 1.2415e-08 1.2415e-08 1.2415e-08 1.2415e-08 1.2415e-08 1.2415e-08 1.2415e-08 1.2415e-08 1.2415e-08 1.2415e-08 1.2415e-08 1.2415e-08 1.2415e-08 1.2415e-08 1.2415e-08 1.2415e-08 1.2415e-08 1.2415e-08 1.2415e-08 1.2415e-08
 1.23382e-08 1.23382e-08 1.23382e-08 1.23382e-08 1.23382e-08 1.23382e-08 1.23382e-08 1.23382e-08 1.23382e-08 1.23382e-08 1.23382e-08 1.23382e-08 1.23382e-08 1.23382e-08 1.23382e-08 1.23382e-08 1.23382e-08 1.23382e-08 1.23382e-08 1.23382e-08 1.23382e-08 1.23382e-08 1.23382e-08 1.23382e-08 1.23382e-08 1.23382e-08 1.23382e-08 1.23382e-08 1.23382e-08 1.23382e-08 1.23382e-08 1.23382e-08 1.23382e-08 1.23382e-08 1.23382e-08 1.23382e-08 1.23382e-08 1.23382e-08 1.23382e-08
 1.22874e-08 1.22874e-08 1.22874e-08 1.22874e-08 1.22874e-08 1.22874e-08 1.22874e-08 1.22874e-08 1.22874e-08 1.22874e-08 1.22874e-08 1.22874e-08 1.22874e-08 1.22874e-08 1.22874e-08 1.22874e-08 1.22874e-08 1.22874e-08 1.22874e-08 1.22874e-08 1.22874e-08 1.22874e-08 1.22874e-08 1.22874e-08 1.22874e-08 1.22874e-08 1.22874e-08 1.22874e-08 1.22874e-08 1.22874e-08 1.22874e-08 1.22874e-08 1.22874e-08 1.22874e-08 1.22874e-08 1.22874e-08 1.22874e-08 1.22874e-08 1.22874e-08
 0 0 0 0 0 0 0 0 0 0 0 0 0 0 0 0 0 0 0 0 0 0 0 0 0 0 0 0 0 0 0 0 0 0 0 0 0 0 0
 0 0 0 0 0 0 0 0 0 0 0 0 0 0 0 0 0 0 0 0 0 0 0 0 0 0 0 0 0 0 0 0 0 0 0 0 0 0 0
 0 0 0 0 0 0 0 0 0 0 0 0 0 0 0 0 0 0 0 0 0 0 0 0 0 0 0 0 0 0 0 0 0 0 0 0 0 0 0
 0 0 0 0 0 0 0 0 0 0 0 0 0 0 0 0 0 0 0 0 0 0 0 0 0 0 0 0 0 0 0 0 0 0 0 0 0 0 0
 0 0 0 0 0 0 0 0 0 0 0 0 0 0 0 0 0 0 0 0 0 0 0 0 0 0 0 0 0 0 0 0 0 0 0 0 0 0 0
 0 0 0 0 0 0 0 0 0 0 0 0 0 0 0 0 0 0 0 0 0 0 0 0 0 0 0 0 0 0 0 0 0 0 0 0 0 0 0
 0 0 0 0 0 0 0 0 0 0 0 0 0 0 0 0 0 0 0 0 0 0 0 0 0 0 0 0 0 0 0 0 0 0 0 0 0 0 0
 0 0 0 0 0 0 0 0 0 0 0 0 0 0 0 0 0 0 0 0 0 0 0 0 0 0 0 0 0 0 0 0 0 0 0 0 0 0 0
 0 0 0 0 0 0 0 0 0 0 0 0 0 0 0 0 0 0 0 0 0 0 0 0 0 0 0 0 0 0 0 0 0 0 0 0 0 0 0
 1.48909e-08 1.48909e-08 1.48909e-08 1.48909e-08 1.48909e-08 1.48909e-08 1.48909e-08 1.48909e-08 1.48909e-08 1.48909e-08 1.48909e-08 1.48909e-08 1.48909e-08 1.48909e-08 1.48909e-08 1.48909e-08 1.48909e-08 1.48909e-08 1.48909e-08 1.48909e-08 1.48909e-08 1.48909e-08 1.48909e-08 1.48909e-08 1.48909e-08 1.48909e-08 1.48909e-08 1.48909e-08 1.48909e-08 1.48909e-08 1.48909e-08 1.48909e-08 1.48909e-08 1.48909e-08 1.48909e-08 1.48909e-08 1.48909e-08 1.48909e-08 1.48909e-08
 1.40764e-08 1.40764e-08 1.40764e-08 1.40764e-08 1.40764e-08 1.40764e-08 1.40764e-08 1.40764e-08 1.40764e-08 1.40764e-08 1.40764e-08 1.40764e-08 1.40764e-08 1.40764e-08 1.40764e-08 1.40764e-08 1.40764e-08 1.40764e-08 1.40764e-08 1.40764e-08 1.40764e-08 1.40764e-08 1.40764e-08 1.40764e-08 1.40764e-08 1.40764e-08 1.40764e-08 1.40764e-08 1.40764e-08 1.40764e-08 1.40764e-08 1.40764e-08 1.40764e-08 1.40764e-08 1.40764e-08 1.40764e-08 1.40764e-08 1.40764e-08 1.40764e-08
 1.39963e-08 1.39963e-08 1.39963e-08 1.39963e-08 1.39963e-08 1.39963e-08 1.39963e-08 1.39963e-08 1.39963e-08 1.39963e-08 1.39963e-08 1.39963e-08 1.39963e-08 1.39963e-08 1.39963e-08 1.39963e-08 1.39963e-08 1.39963e-08 1.39963e-08 1.39963e-08 1.39963e-08 1.39963e-08 1.39963e-08 1.39963e-08 1.39963e-08 1.39963e-08 1.39963e-08 1.39963e-08 1.39963e-08 1.39963e-08 1.39963e-08 1.39963e-08 1.39963e-08 1.39963e-08 1.39963e-08 1.39963e-08 1.39963e-08 1.39963e-08 1.39963e-08
 1.24973e-08 1.24973e-08 1.24973e-08 1.24973e-08 1.24973e-08 1.24973e-08 1.24973e-08 1.24973e-08 1.24973e-08 1.24973e-08 1.24973e-08 1.24973e-08 1.24973e-08 1.24973e-08 1.24973e-08 1.24973e-08 1.24973e-08 1.24973e-08 1.24973e-08 1.24973e-08 1.24973e-08 1.24973e-08 1.24973e-08 1.24973e-08 1.24973e-08 1.24973e-08 1.24973e-08 1.24973e-08 1.24973e-08 1.24973e-08 1.24973e-08 1.24973e-08 1.24973e-08 1.24973e-08 1.24973e-08 1.24973e-08 1.24973e-08 1.24973e-08 1.24973e-08
 1.02068e-08 1.02068e-08 1.02068e-08 1.02068e-08 1.02068e-08 1.02068e-08 1.02068e-08 1.02068e-08 1.02068e-08 1.02068e-08 1.02068e-08 1.02068e-08 1.02068e-08 1.02068e-08 1.02068e-08 1.02068e-08 1.02068e-08 1.02068e-08 1.02068e-08 1.02068e-08 1.02068e-08 1.02068e-08 1.02068e-08 1.02068e-08 1.02068e-08 1.02068e-08 1.02068e-08 1.02068e-08 1.02068e-08 1.02068e-08 1.02068e-08 1.02068e-08 1.02068e-08 1.02068e-08 1.02068e-08 1.02068e-08 1.02068e-08 1.02068e-08 1.02068e-08
 8.06701e-09 8.06701e-09 8.06701e-09 8.06701e-09 8.06701e-09 8.06701e-09 8.06701e-09 8.06701e-09 8.06701e-09 8.06701e-09 8.06701e-09 8.06701e-09 8.06701e-09 8.06701e-09 8.06701e-09 8.06701e-09 8.06701e-09 8.06701e-09 8.06701e-09 8.06701e-09 8.06701e-09 8.06701e-09 8.06701e-09 8.06701e-09 8.06701e-09 8.06701e-09 8.06701e-09 8.06701e-09 8.06701e-09 8.06701e-09 8.06701e-09 8.06701e-09 8.06701e-09 8.06701e-09 8.06701e-09 8.06701e-09 8.06701e-09 8.06701e-09 8.06701e-09
 6.47574e-09 6.47574e-09 6.47574e-09 6.47574e-09 6.47574e-09 6.47574e-09 6.47574e-09 6.47574e-09 6.47574e-09 6.47574e-09 6.47574e-09 6.47574e-09 6.47574e-09 6.47574e-09 6.47574e-09 6.47574e-09 6.47574e-09 6.47574e-09 6.47574e-09 6.47574e-09 6.47574e-09 6.47574e-09 6.47574e-09 6.47574e-09 6.47574e-09 6.47574e-09 6.47574e-09 6.47574e-09 6.47574e-09 6.47574e-09 6.47574e-09 6.47574e-09 6.47574e-09 6.47574e-09 6.47574e-09 6.47574e-09 6.47574e-09 6.47574e-09 6.47574e-09
 5.5224e-09 5.5224e-09 5.5224e-09 5.5224e-09 5.5224e-09 5.5224e-09 5.5224e-09 5.5224e-09 5.5224e-09 5.5224e-09 5.5224e-09 5.5224e-09 5.5224e-09 5.5224e-09 5.5224e-09 5.5224e-09 5.5224e-09 5.5224e-09 5.5224e-09 5.5224e-09 5.5224e-09 5.5224e-09 5.5224e-09 5.5224e-09 5.5224e-09 5.5224e-09 5.5224e-09 5.5224e-09 5.5224e-09 5.5224e-09 5.5224e-09 5.5224e-09 5.5224e-09 5.5224e-09 5.5224e-09 5.5224e-09 5.5224e-09 5.5224e-09 5.5224e-09
 5.09981e-09 5.09981e-09 5.09981e-09 5.09981e-09 5.09981e-09 5.09981e-09 5.09981e-09 5.09981e-09 5.09981e-09 5.09981e-09 5.09981e-09 5.09981e-09 5.09981e-09 5.09981e-09 5.09981e-09 5.09981e-09 5.09981e-09 5.09981e-09 5.09981e-09 5.09981e-09 5.09981e-09 5.09981e-09 5.09981e-09 5.09981e-09 5.09981e-09 5.09981e-09 5.09981e-09 5.09981e-09 5.09981e-09 5.09981e-09 5.09981e-09 5.09981e-09 5.09981e-09 5.09981e-09 5.09981e-09 5.09981e-09 5.09981e-09 5.09981e-09 5.09981e-09
 5.14159e-09 5.14159e-09 5.14159e-09 5.14159e-09 5.14159e-09 5.14159e-09 5.14159e-09 5.14159e-09 5.14159e-09 5.14159e-09 5.14159e-09 5.14159e-09 5.14159e-09 5.14159e-09 5.14159e-09 5.14159e-09 5.14159e-09 5.14159e-09 5.14159e-09 5.14159e-09 5.14159e-09 5.14159e-09 5.14159e-09 5.14159e-09 5.14159e-09 5.14159e-09 5.14159e-09 5.14159e-09 5.14159e-09 5.14159e-09 5.14159e-09 5.14159e-09 5.14159e-09 5.14159e-09 5.14159e-09 5.14159e-09 5.14159e-09 5.14159e-09 5.14159e-09
 4.9556e-09 4.9556e-09 4.9556e-09 4.9556e-09 4.9556e-09 4.9556e-09 4.9556e-09 4.9556e-09 4.9556e-09 4.9556e-09 4.9556e-09 4.9556e-09 4.9556e-09 4.9556e-09 4.9556e-09 4.9556e-09 4.9556e-09 4.9556e-09 4.9556e-09 4.9556e-09 4.9556e-09 4.9556e-09 4.9556e-09 4.9556e-09 4.9556e-09 4.9556e-09 4.9556e-09 4.9556e-09 4.9556e-09 4.9556e-09 4.9556e-09 4.9556e-09 4.9556e-09 4.9556e-09 4.9556e-09 4.9556e-09 4.9556e-09 4.9556e-09 4.9556e-09
 4.9871e-09 4.9871e-09 4.9871e-09 4.9871e-09 4.9871e-09 4.9871e-09 4.9871e-09 4.9871e-09 4.9871e-09 4.9871e-09 4.9871e-09 4.9871e-09 4.9871e-09 4.9871e-09 4.9871e-09 4.9871e-09 4.9871e-09 4.9871e-09 4.9871e-09 4.9871e-09 4.9871e-09 4.9871e-09 4.9871e-09 4.9871e-09 4.9871e-09 4.9871e-09 4.9871e-09 4.9871e-09 4.9871e-09 4.9871e-09 4.9871e-09 4.9871e-09 4.9871e-09 4.9871e-09 4.9871e-09 4.9871e-09 4.9871e-09 4.9871e-09 4.9871e-09
 0 0 0 0 0 0 0 0 0 0 0 0 0 0 0 0 0 0 0 0 0 0 0 0 0 0 0 0 0 0 0 0 0 0 0 0 0 0 0
 0 0 0 0 0 0 0 0 0 0 0 0 0 0 0 0 0 0 0 0 0 0 0 0 0 0 0 0 0 0 0 0 0 0 0 0 0 0 0
 0 0 0 0 0 0 0 0 0 0 0 0 0 0 0 0 0 0 0 0 0 0 0 0 0 0 0 0 0 0 0 0 0 0 0 0 0 0 0
 0 0 0 0 0 0 0 0 0 0 0 0 0 0 0 0 0 0 0 0 0 0 0 0 0 0 0 0 0 0 0 0 0 0 0 0 0 0 0
 0 0 0 0 0 0 0 0 0 0 0 0 0 0 0 0 0 0 0 0 0 0 0 0 0 0 0 0 0 0 0 0 0 0 0 0 0 0 0
 0 0 0 0 0 0 0 0 0 0 0 0 0 0 0 0 0 0 0 0 0 0 0 0 0 0 0 0 0 0 0 0 0 0 0 0 0 0 0
 0 0 0 0 0 0 0 0 0 0 0 0 0 0 0 0 0 0 0 0 0 0 0 0 0 0 0 0 0 0 0 0 0 0 0 0 0 0 0
 0 0 0 0 0 0 0 0 0 0 0 0 0 0 0 0 0 0 0 0 0 0 0 0 0 0 0 0 0 0 0 0 0 0 0 0 0 0 0
 0 0 0 0 0 0 0 0 0 0 0 0 0 0 0 0 0 0 0 0 0 0 0 0 0 0 0 0 0 0 0 0 0 0 0 0 0 0 0
 1.40446e-08 1.40446e-08 1.40446e-08 1.40446e-08 1.40446e-08 1.40446e-08 1.40446e-08 1.40446e-08 1.40446e-08 1.40446e-08 1.40446e-08 1.40446e-08 1.40446e-08 1.40446e-08 1.40446e-08 1.40446e-08 1.40446e-08 1.40446e-08 1.40446e-08 1.40446e-08 1.40446e-08 1.40446e-08 1.40446e-08 1.40446e-08 1.40446e-08 1.40446e-08 1.40446e-08 1.40446e-08 1.40446e-08 1.40446e-08 1.40446e-08 1.40446e-08 1.40446e-08 1.40446e-08 1.40446e-08 1.40446e-08 1.40446e-08 1.40446e-08 1.40446e-08
 1.26338e-08 1.26338e-08 1.26338e-08 1.26338e-08 1.26338e-08 1.26338e-08 1.26338e-08 1.26338e-08 1.26338e-08 1.26338e-08 1.26338e-08 1.26338e-08 1.26338e-08 1.26338e-08 1.26338e-08 1.26338e-08 1.26338e-08 1.26338e-08 1.26338e-08 1.26338e-08 1.26338e-08 1.26338e-08 1.26338e-08 1.26338e-08 1.26338e-08 1.26338e-08 1.26338e-08 1.26338e-08 1.26338e-08 1.26338e-08 1.26338e-08 1.26338e-08 1.26338e-08 1.26338e-08 1.26338e-08 1.26338e-08 1.26338e-08 1.26338e-08 1.26338e-08
 1.06071e-08 1.06071e-08 1.06071e-08 1.06071e-08 1.06071e-08 1.06071e-08 1.06071e-08 1.06071e-08 1.06071e-08 1.06071e-08 1.06071e-08 1.06071e-08 1.06071e-08 1.06071e-08 1.06071e-08 1.06071e-08 1.06071e-08 1.06071e-08 1.06071e-08 1.06071e-08 1.06071e-08 1.06071e-08 1.06071e-08 1.06071e-08 1.06071e-08 1.06071e-08 1.06071e-08 1.06071e-08 1.06071e-08 1.06071e-08 1.06071e-08 1.06071e-08 1.06071e-08 1.06071e-08 1.06071e-08 1.06071e-08 1.06071e-08 1.06071e-08 1.06071e-08
 8.97326e-09 8.97326e-09 8.97326e-09 8.97326e-09 8.97326e-09 8.97326e-09 8.97326e-09 8.97326e-09 8.97326e-09 8.97326e-09 8.97326e-09 8.97326e-09 8.97326e-09 8.97326e-09 8.97326e-09 8.97326e-09 8.97326e-09 8.97326e-09 8.97326e-09 8.97326e-09 8.97326e-09 8.97326e-09 8.97326e-09 8.97326e-09 8.97326e-09 8.97326e-09 8.97326e-09 8.97326e-09 8.97326e-09 8.97326e-09 8.97326e-09 8.97326e-09 8.97326e-09 8.97326e-09 8.97326e-09 8.97326e-09 8.97326e-09 8.97326e-09 8.97326e-09
 7.78268e-09 7.78268e-09 7.78268e-09 7.78268e-09 7.78268e-09 7.78268e-09 7.78268e-09 7.78268e-09 7.78268e-09 7.78268e-09 7.78268e-09 7.78268e-09 7.78268e-09 7.78268e-09 7.78268e-09 7.78268e-09 7.78268e-09 7.78268e-09 7.78268e-09 7.78268e-09 7.78268e-09 7.78268e-09 7.78268e-09 7.78268e-09 7.78268e-09 7.78268e-09 7.78268e-09 7.78268e-09 7.78268e-09 7.78268e-09 7.78268e-09 7.78268e-09 7.78268e-09 7.78268e-09 7.78268e-09 7.78268e-09 7.78268e-09 7.78268e-09 7.78268e-09
 6.9433e-09 6.9433e-09 6.9433e-09 6.9433e-09 6.9433e-09 6.9433e-09 6.9433e-09 6.9433e-09 6.9433e-09 6.9433e-09 6.9433e-09 6.9433e-09 6.9433e-09 6.9433e-09 6.9433e-09 6.9433e-09 6.9433e-09 6.9433e-09 6.9433e-09 6.9433e-09 6.9433e-09 6.9433e-09 6.9433e-09 6.9433e-09 6.9433e-09 6.9433e-09 6.9433e-09 6.9433e-09 6.9433e-09 6.9433e-09 6.9433e-09 6.9433e-09 6.9433e-09 6.9433e-09 6.9433e-09 6.9433e-09 6.9433e-09 6.9433e-09 6.9433e-09
 6.4358e-09 6.4358e-09 6.4358e-09 6.4358e-09 6.4358e-09 6.4358e-09 6.4358e-09 6.4358e-09 6.4358e-09 6.4358e-09 6.4358e-09 6.4358e-09 6.4358e-09 6.4358e-09 6.4358e-09 6.4358e-09 6.4358e-09 6.4358e-09 6.4358e-09 6.4358e-09 6.4358e-09 6.4358e-09 6.4358e-09 6.4358e-09 6.4358e-09 6.4358e-09 6.4358e-09 6.4358e-09 6.4358e-09 6.4358e-09 6.4358e-09 6.4358e-09 6.4358e-09 6.4358e-09 6.4358e-09 6.4358e-09 6.4358e-09 6.4358e-09 6.4358e-09
 6.2069e-09 6.2069e-09 6.2069e-09 6.2069e-09 6.2069e-09 6.2069e-09 6.2069e-09 6.2069e-09 6.2069e-09 6.2069e-09 6.2069e-09 6.2069e-09 6.2069e-09 6.2069e-09 6.2069e-09 6.2069e-09 6.2069e-09 6.2069e-09 6.2069e-09 6.2069e-09 6.2069e-09 6.2069e-09 6.2069e-09 6.2069e-09 6.2069e-09 6.2069e-09 6.2069e-09 6.2069e-09 6.2069e-09 6.2069e-09 6.2069e-09 6.2069e-09 6.2069e-09 6.2069e-09 6.2069e-09 6.2069e-09 6.2069e-09 6.2069e-09 6.2069e-09
 6.17826e-09 6.17826e-09 6.17826e-09 6.17826e-09 6.17826e-09 6.17826e-09 6.17826e-09 6.17826e-09 6.17826e-09 6.17826e-09 6.17826e-09 6.17826e-09 6.17826e-09 6.17826e-09 6.17826e-09 6.17826e-09 6.17826e-09 6.17826e-09 6.17826e-09 6.17826e-09 6.17826e-09 6.17826e-09 6.17826e-09 6.17826e-09 6.17826e-09 6.17826e-09 6.17826e-09 6.17826e-09 6.17826e-09 6.17826e-09 6.17826e-09 6.17826e-09 6.17826e-09 6.17826e-09 6.17826e-09 6.17826e-09 6.17826e-09 6.17826e-09 6.17826e-09
 6.19927e-09 6.19927e-09 6.19927e-09 6.19927e-09 6.19927e-09 6.19927e-09 6.19927e-09 6.19927e-09 6.19927e-09 6.19927e-09 6.19927e-09 6.19927e-09 6.19927e-09 6.19927e-09 6.19927e-09 6.19927e-09 6.19927e-09 6.19927e-09 6.19927e-09 6.19927e-09 6.19927e-09 6.19927e-09 6.19927e-09 6.19927e-09 6.19927e-09 6.19927e-09 6.19927e-09 6.19927e-09 6.19927e-09 6.19927e-09 6.19927e-09 6.19927e-09 6.19927e-09 6.19927e-09 6.19927e-09 6.19927e-09 6.19927e-09 6.19927e-09 6.19927e-09
 6.16362e-09 6.16362e-09 6.16362e-09 6.16362e-09 6.16362e-09 6.16362e-09 6.16362e-09 6.16362e-09 6.16362e-09 6.16362e-09 6.16362e-09 6.16362e-09 6.16362e-09 6.16362e-09 6.16362e-09 6.16362e-09 6.16362e-09 6.16362e-09 6.16362e-09 6.16362e-09 6.16362e-09 6.16362e-09 6.16362e-09 6.16362e-09 6.16362e-09 6.16362e-09 6.16362e-09 6.16362e-09 6.16362e-09 6.16362e-09 6.16362e-09 6.16362e-09 6.16362e-09 6.16362e-09 6.16362e-09 6.16362e-09 6.16362e-09 6.16362e-09 6.16362e-09
 6.04642e-09 6.04642e-09 6.04642e-09 6.04642e-09 6.04642e-09 6.04642e-09 6.04642e-09 6.04642e-09 6.04642e-09 6.04642e-09 6.04642e-09 6.04642e-09 6.04642e-09 6.04642e-09 6.04642e-09 6.04642e-09 6.04642e-09 6.04642e-09 6.04642e-09 6.04642e-09 6.04642e-09 6.04642e-09 6.04642e-09 6.04642e-09 6.04642e-09 6.04642e-09 6.04642e-09 6.04642e-09 6.04642e-09 6.04642e-09 6.04642e-09 6.04642e-09 6.04642e-09 6.04642e-09 6.04642e-09 6.04642e-09 6.04642e-09 6.04642e-09 6.04642e-09
 5.7026e-09 5.7026e-09 5.7026e-09 5.7026e-09 5.7026e-09 5.7026e-09 5.7026e-09 5.7026e-09 5.7026e-09 5.7026e-09 5.7026e-09 5.7026e-09 5.7026e-09 5.7026e-09 5.7026e-09 5.7026e-09 5.7026e-09 5.7026e-09 5.7026e-09 5.7026e-09 5.7026e-09 5.7026e-09 5.7026e-09 5.7026e-09 5.7026e-09 5.7026e-09 5.7026e-09 5.7026e-09 5.7026e-09 5.7026e-09 5.7026e-09 5.7026e-09 5.7026e-09 5.7026e-09 5.7026e-09 5.7026e-09 5.7026e-09 5.7026e-09 5.7026e-09
 5.72252e-09 5.72252e-09 5.72252e-09 5.72252e-09 5.72252e-09 5.72252e-09 5.72252e-09 5.72252e-09 5.72252e-09 5.72252e-09 5.72252e-09 5.72252e-09 5.72252e-09 5.72252e-09 5.72252e-09 5.72252e-09 5.72252e-09 5.72252e-09 5.72252e-09 5.72252e-09 5.72252e-09 5.72252e-09 5.72252e-09 5.72252e-09 5.72252e-09 5.72252e-09 5.72252e-09 5.72252e-09 5.72252e-09 5.72252e-09 5.72252e-09 5.72252e-09 5.72252e-09 5.72252e-09 5.72252e-09 5.72252e-09 5.72252e-09 5.72252e-09 5.72252e-09
 5.59782e-09 5.59782e-09 5.59782e-09 5.59782e-09 5.59782e-09 5.59782e-09 5.59782e-09 5.59782e-09 5.59782e-09 5.59782e-09 5.59782e-09 5.59782e-09 5.59782e-09 5.59782e-09 5.59782e-09 5.59782e-09 5.59782e-09 5.59782e-09 5.59782e-09 5.59782e-09 5.59782e-09 5.59782e-09 5.59782e-09 5.59782e-09 5.59782e-09 5.59782e-09 5.59782e-09 5.59782e-09 5.59782e-09 5.59782e-09 5.59782e-09 5.59782e-09 5.59782e-09 5.59782e-09 5.59782e-09 5.59782e-09 5.59782e-09 5.59782e-09 5.59782e-09
 5.51335e-09 5.51335e-09 5.51335e-09 5.51335e-09 5.51335e-09 5.51335e-09 5.51335e-09 5.51335e-09 5.51335e-09 5.51335e-09 5.51335e-09 5.51335e-09 5.51335e-09 5.51335e-09 5.51335e-09 5.51335e-09 5.51335e-09 5.51335e-09 5.51335e-09 5.51335e-09 5.51335e-09 5.51335e-09 5.51335e-09 5.51335e-09 5.51335e-09 5.51335e-09 5.51335e-09 5.51335e-09 5.51335e-09 5.51335e-09 5.51335e-09 5.51335e-09 5.51335e-09 5.51335e-09 5.51335e-09 5.51335e-09 5.51335e-09 5.51335e-09 5.51335e-09
 5.46244e-09 5.46244e-09 5.46244e-09 5.46244e-09 5.46244e-09 5.46244e-09 5.46244e-09 5.46244e-09 5.46244e-09 5.46244e-09 5.46244e-09 5.46244e-09 5.46244e-09 5.46244e-09 5.46244e-09 5.46244e-09 5.46244e-09 5.46244e-09 5.46244e-09 5.46244e-09 5.46244e-09 5.46244e-09 5.46244e-09 5.46244e-09 5.46244e-09 5.46244e-09 5.46244e-09 5.46244e-09 5.46244e-09 5.46244e-09 5.46244e-09 5.46244e-09 5.46244e-09 5.46244e-09 5.46244e-09 5.46244e-09 5.46244e-09 5.46244e-09 5.46244e-09
 5.43426e-09 5.43426e-09 5.43426e-09 5.43426e-09 5.43426e-09 5.43426e-09 5.43426e-09 5.43426e-09 5.43426e-09 5.43426e-09 5.43426e-09 5.43426e-09 5.43426e-09 5.43426e-09 5.43426e-09 5.43426e-09 5.43426e-09 5.43426e-09 5.43426e-09 5.43426e-09 5.43426e-09 5.43426e-09 5.43426e-09 5.43426e-09 5.43426e-09 5.43426e-09 5.43426e-09 5.43426e-09 5.43426e-09 5.43426e-09 5.43426e-09 5.43426e-09 5.43426e-09 5.43426e-09 5.43426e-09 5.43426e-09 5.43426e-09 5.43426e-09 5.43426e-09
 1.5083e-08 1.5083e-08 1.5083e-08 1.5083e-08 1.5083e-08 1.5083e-08 1.5083e-08 1.5083e-08 1.5083e-08 1.5083e-08 1.5083e-08 1.5083e-08 1.5083e-08 1.5083e-08 1.5083e-08 1.5083e-08 1.5083e-08 1.5083e-08 1.5083e-08 1.5083e-08 1.5083e-08 1.5083e-08 1.5083e-08 1.5083e-08 1.5083e-08 1.5083e-08 1.5083e-08 1.5083e-08 1.5083e-08 1.5083e-08 1.5083e-08 1.5083e-08 1.5083e-08 1.5083e-08 1.5083e-08 1.5083e-08 1.5083e-08 1.5083e-08 1.5083e-08
 5.41421e-09 5.41421e-09 5.41421e-09 5.41421e-09 5.41421e-09 5.41421e-09 5.41421e-09 5.41421e-09 5.41421e-09 5.41421e-09 5.41421e-09 5.41421e-09 5.41421e-09 5.41421e-09 5.41421e-09 5.41421e-09 5.41421e-09 5.41421e-09 5.41421e-09 5.41421e-09 5.41421e-09 5.41421e-09 5.41421e-09 5.41421e-09 5.41421e-09 5.41421e-09 5.41421e-09 5.41421e-09 5.41421e-09 5.41421e-09 5.41421e-09 5.41421e-09 5.41421e-09 5.41421e-09 5.41421e-09 5.41421e-09 5.41421e-09 5.41421e-09 5.41421e-09
 5.20068e-09 5.20068e-09 5.20068e-09 5.20068e-09 5.20068e-09 5.20068e-09 5.20068e-09 5.20068e-09 5.20068e-09 5.20068e-09 5.20068e-09 5.20068e-09 5.20068e-09 5.20068e-09 5.20068e-09 5.20068e-09 5.20068e-09 5.20068e-09 5.20068e-09 5.20068e-09 5.20068e-09 5.20068e-09 5.20068e-09 5.20068e-09 5.20068e-09 5.20068e-09 5.20068e-09 5.20068e-09 5.20068e-09 5.20068e-09 5.20068e-09 5.20068e-09 5.20068e-09 5.20068e-09 5.20068e-09 5.20068e-09 5.20068e-09 5.20068e-09 5.20068e-09
